2026-03-07 10:01:33 - 喂食，饥饿值+25
2026-03-07 10:04:52 - 猫咪开始睡觉
2026-03-07 10:04:59 - 猫咪醒来
2026-03-07 10:05:00 - 猫咪开始睡觉
2026-03-07 10:06:51 - 猫咪自然醒来
2026-03-07 10:06:57 - 抚摸猫咪，快乐值+10
2026-03-07 10:06:58 - 抚摸猫咪，快乐值+10
2026-03-07 10:06:59 - 抚摸猫咪，快乐值+10
2026-03-07 10:07:00 - 清理便便: poop_1772877670_8290
2026-03-07 10:07:00 - 猫咪拉屎了: poop_1772878020_7278
2026-03-07 10:07:00 - 抚摸猫咪，快乐值+10
2026-03-07 10:07:01 - 抚摸猫咪，快乐值+10
2026-03-07 10:07:02 - 抚摸猫咪，快乐值+10
2026-03-07 10:07:03 - 清理便便: poop_1772878020_7278
2026-03-07 10:07:03 - 猫咪拉屎了: poop_1772878023_3173
2026-03-07 10:07:04 - 清理便便: poop_1772878023_3173
2026-03-07 10:07:06 - 抚摸猫咪，快乐值+10
2026-03-07 10:07:06 - 猫咪拉屎了: poop_1772878026_1856
2026-03-07 10:07:07 - 抚摸猫咪，快乐值+10
2026-03-07 10:07:07 - 抚摸猫咪，快乐值+10
2026-03-07 10:07:07 - 抚摸猫咪，快乐值+10
2026-03-07 10:07:07 - 抚摸猫咪，快乐值+10
2026-03-07 10:07:07 - 抚摸猫咪，快乐值+10
2026-03-07 10:07:07 - 抚摸猫咪，快乐值+10
2026-03-07 10:07:08 - 抚摸猫咪，快乐值+10
2026-03-07 10:07:08 - 抚摸猫咪，快乐值+10
2026-03-07 10:07:08 - 抚摸猫咪，快乐值+10
2026-03-07 10:07:08 - 抚摸猫咪，快乐值+10
2026-03-07 10:07:11 - 猫咪开始睡觉
2026-03-07 10:07:12 - 猫咪自然醒来
2026-03-07 10:07:12 - 猫咪开始睡觉
2026-03-07 10:07:15 - 猫咪自然醒来
2026-03-07 10:07:16 - 开始打工
2026-03-07 10:07:26 - 打工结束，获得10元
2026-03-07 10:07:36 - 清理便便: poop_1772878026_1856
2026-03-07 10:07:37 - 猫咪拉屎了: poop_1772878057_4233
2026-03-07 10:07:40 - 开始打工
2026-03-07 10:07:50 - 打工结束，获得10元
2026-03-07 10:08:29 - 清理便便: poop_1772878057_4233
2026-03-07 10:08:31 - 猫咪拉屎了: poop_1772878111_1939
2026-03-07 10:08:33 - 清理便便: poop_1772878111_1939
2026-03-07 10:08:33 - 玩耍，快乐值+30
2026-03-07 10:08:34 - 猫咪拉屎了: poop_1772878114_8521
2026-03-07 10:08:54 - 喂食，饥饿值+25
2026-03-07 10:08:56 - 清理便便: poop_1772878114_8521
2026-03-07 10:08:57 - 喂食，饥饿值+25
2026-03-07 10:08:58 - 猫咪拉屎了: poop_1772878138_4398
2026-03-07 10:09:02 - 玩耍，快乐值+30
2026-03-07 10:09:03 - 猫咪开始睡觉
2026-03-07 10:09:05 - 清理便便: poop_1772878138_4398
2026-03-07 10:09:17 - 猫咪醒来
2026-03-07 10:09:19 - 猫咪拉屎了: poop_1772878159_7869
2026-03-07 10:09:21 - 玩耍，快乐值+30
2026-03-07 10:09:22 - 清理便便: poop_1772878159_7869
2026-03-07 10:09:23 - 猫咪拉屎了: poop_1772878163_3758
2026-03-07 10:09:23 - 玩耍，快乐值+30
2026-03-07 10:09:24 - 抚摸猫咪，快乐值+10
2026-03-07 10:09:25 - 清理便便: poop_1772878163_3758
2026-03-07 10:09:25 - 猫咪拉屎了: poop_1772878165_9743
2026-03-07 10:09:27 - 抚摸猫咪，快乐值+10
2026-03-07 10:09:27 - 清理便便: poop_1772878165_9743
2026-03-07 10:09:29 - 猫咪拉屎了: poop_1772878169_3005
2026-03-07 10:09:30 - 清理便便: poop_1772878169_3005
2026-03-07 10:09:30 - 猫咪拉屎了: poop_1772878170_9942
2026-03-07 10:12:12 - 游戏重置
2026-03-07 10:12:14 - 猫咪拉屎了: poop_1772878334_3112
2026-03-07 10:12:18 - 清理便便: poop_1772878334_3112
2026-03-07 10:12:19 - 猫咪拉屎了: poop_1772878339_4806
2026-03-07 10:12:19 - 开始给猫咪洗澡
2026-03-07 10:12:21 - 清理便便: poop_1772878339_4806
2026-03-07 10:12:27 - 猫咪洗完澡了
2026-03-07 10:12:27 - 猫咪拉屎了: poop_1772878347_2774
2026-03-07 10:12:29 - 猫咪开始睡觉
2026-03-07 10:12:32 - 清理便便: poop_1772878347_2774
2026-03-07 10:13:13 - 猫咪自然醒来
2026-03-07 10:13:13 - 猫咪拉屎了: poop_1772878393_9590
2026-03-07 10:14:50 - 喂食，饥饿值+25
2026-03-07 10:14:52 - 开始给猫咪洗澡
2026-03-07 10:14:53 - 猫咪洗完澡了
2026-03-07 10:14:58 - 清理便便: poop_1772878393_9590
2026-03-07 10:14:59 - 猫咪拉屎了: poop_1772878499_5513
2026-03-07 10:15:32 - 清理便便: poop_1772878499_5513
2026-03-07 10:15:35 - 猫咪拉屎了: poop_1772878535_4054
2026-03-07 10:15:40 - 喂食，饥饿值+25
2026-03-07 10:15:40 - 清理便便: poop_1772878535_4054
2026-03-07 10:15:41 - 猫咪拉屎了: poop_1772878541_5862
2026-03-07 10:15:49 - 清理便便: poop_1772878541_5862
2026-03-07 10:15:50 - 玩耍，快乐值+30
2026-03-07 10:15:53 - 猫咪拉屎了: poop_1772878553_8606
2026-03-07 10:15:53 - 猫咪开始睡觉
2026-03-07 10:15:55 - 清理便便: poop_1772878553_8606
2026-03-07 10:16:05 - 猫咪自然醒来
2026-03-07 10:16:05 - 猫咪拉屎了: poop_1772878565_5281
2026-03-07 10:16:08 - 清理便便: poop_1772878565_5281
2026-03-07 10:16:14 - 猫咪拉屎了: poop_1772878574_5355
2026-03-07 10:16:15 - 清理便便: poop_1772878574_5355
2026-03-07 10:16:17 - 猫咪拉屎了: poop_1772878577_7817
2026-03-07 10:16:19 - 猫咪开始睡觉
2026-03-07 10:16:20 - 猫咪自然醒来
2026-03-07 10:16:20 - 清理便便: poop_1772878577_7817
2026-03-07 10:16:23 - 猫咪拉屎了: poop_1772878583_4375
2026-03-07 10:16:25 - 清理便便: poop_1772878583_4375
2026-03-07 10:16:27 - 猫咪拉屎了: poop_1772878587_4153
2026-03-07 10:16:30 - 开始打工
2026-03-07 10:16:30 - 清理便便: poop_1772878587_4153
2026-03-07 10:16:40 - 打工结束，获得10元
2026-03-07 10:16:40 - 猫咪拉屎了: poop_1772878600_7507
2026-03-07 10:16:42 - 清理便便: poop_1772878600_7507
2026-03-07 10:16:43 - 开始打工
2026-03-07 10:16:53 - 打工结束，获得10元
2026-03-07 10:16:53 - 猫咪拉屎了: poop_1772878613_3624
2026-03-07 10:16:56 - 清理便便: poop_1772878613_3624
2026-03-07 10:16:57 - 猫咪拉屎了: poop_1772878617_8320
2026-03-07 10:16:59 - 清理便便: poop_1772878617_8320
2026-03-07 10:17:00 - 猫咪拉屎了: poop_1772878620_9015
2026-03-07 10:17:01 - 玩耍，快乐值+30
2026-03-07 10:17:03 - 清理便便: poop_1772878620_9015
2026-03-07 10:17:04 - 喂食，饥饿值+25
2026-03-07 10:17:05 - 猫咪拉屎了: poop_1772878625_5714
2026-03-07 10:17:05 - 开始给猫咪洗澡
2026-03-07 10:17:06 - 猫咪洗完澡了
2026-03-07 10:17:08 - 清理便便: poop_1772878625_5714
2026-03-07 10:17:09 - 猫咪拉屎了: poop_1772878629_8538
2026-03-07 10:17:10 - 抚摸猫咪，快乐值+10
2026-03-07 10:17:11 - 清理便便: poop_1772878629_8538
2026-03-07 10:17:12 - 猫咪拉屎了: poop_1772878632_2140
2026-03-07 10:17:12 - 抚摸猫咪，快乐值+10
2026-03-07 10:17:13 - 抚摸猫咪，快乐值+10
2026-03-07 10:17:13 - 抚摸猫咪，快乐值+10
2026-03-07 10:17:13 - 抚摸猫咪，快乐值+10
2026-03-07 10:17:13 - 抚摸猫咪，快乐值+10
2026-03-07 10:17:14 - 抚摸猫咪，快乐值+10
2026-03-07 10:17:14 - 抚摸猫咪，快乐值+10
2026-03-07 10:17:14 - 抚摸猫咪，快乐值+10
2026-03-07 10:17:14 - 抚摸猫咪，快乐值+10
2026-03-07 10:17:14 - 抚摸猫咪，快乐值+10
2026-03-07 10:17:14 - 抚摸猫咪，快乐值+10
2026-03-07 10:17:15 - 抚摸猫咪，快乐值+10
2026-03-07 10:17:15 - 抚摸猫咪，快乐值+10
2026-03-07 10:17:15 - 抚摸猫咪，快乐值+10
2026-03-07 10:17:15 - 抚摸猫咪，快乐值+10
2026-03-07 10:17:15 - 抚摸猫咪，快乐值+10
2026-03-07 10:17:15 - 抚摸猫咪，快乐值+10
2026-03-07 10:17:16 - 抚摸猫咪，快乐值+10
2026-03-07 10:17:16 - 清理便便: poop_1772878632_2140
2026-03-07 10:17:16 - 抚摸猫咪，快乐值+10
2026-03-07 10:17:16 - 抚摸猫咪，快乐值+10
2026-03-07 10:17:16 - 抚摸猫咪，快乐值+10
2026-03-07 10:17:16 - 抚摸猫咪，快乐值+10
2026-03-07 10:17:17 - 抚摸猫咪，快乐值+10
2026-03-07 10:17:17 - 抚摸猫咪，快乐值+10
2026-03-07 10:17:17 - 猫咪拉屎了: poop_1772878637_6965
2026-03-07 10:17:17 - 抚摸猫咪，快乐值+10
2026-03-07 10:17:17 - 抚摸猫咪，快乐值+10
2026-03-07 10:17:17 - 抚摸猫咪，快乐值+10
2026-03-07 10:17:17 - 抚摸猫咪，快乐值+10
2026-03-07 10:17:18 - 抚摸猫咪，快乐值+10
2026-03-07 10:17:18 - 抚摸猫咪，快乐值+10
2026-03-07 10:17:18 - 清理便便: poop_1772878637_6965
2026-03-07 10:17:19 - 抚摸猫咪，快乐值+10
2026-03-07 10:17:19 - 抚摸猫咪，快乐值+10
2026-03-07 10:17:19 - 抚摸猫咪，快乐值+10
2026-03-07 10:17:19 - 抚摸猫咪，快乐值+10
2026-03-07 10:17:19 - 抚摸猫咪，快乐值+10
2026-03-07 10:17:20 - 抚摸猫咪，快乐值+10
2026-03-07 10:17:20 - 抚摸猫咪，快乐值+10
2026-03-07 10:17:20 - 猫咪拉屎了: poop_1772878640_6180
2026-03-07 10:17:20 - 抚摸猫咪，快乐值+10
2026-03-07 10:17:20 - 抚摸猫咪，快乐值+10
2026-03-07 10:17:20 - 抚摸猫咪，快乐值+10
2026-03-07 10:17:20 - 抚摸猫咪，快乐值+10
2026-03-07 10:17:20 - 抚摸猫咪，快乐值+10
2026-03-07 10:17:20 - 抚摸猫咪，快乐值+10
2026-03-07 10:17:21 - 抚摸猫咪，快乐值+10
2026-03-07 10:17:21 - 抚摸猫咪，快乐值+10
2026-03-07 10:17:21 - 抚摸猫咪，快乐值+10
2026-03-07 10:17:21 - 清理便便: poop_1772878640_6180
2026-03-07 10:17:21 - 抚摸猫咪，快乐值+10
2026-03-07 10:17:22 - 抚摸猫咪，快乐值+10
2026-03-07 10:17:22 - 抚摸猫咪，快乐值+10
2026-03-07 10:17:22 - 抚摸猫咪，快乐值+10
2026-03-07 10:17:22 - 抚摸猫咪，快乐值+10
2026-03-07 10:17:22 - 抚摸猫咪，快乐值+10
2026-03-07 10:17:22 - 抚摸猫咪，快乐值+10
2026-03-07 10:17:23 - 抚摸猫咪，快乐值+10
2026-03-07 10:17:23 - 抚摸猫咪，快乐值+10
2026-03-07 10:17:23 - 抚摸猫咪，快乐值+10
2026-03-07 10:17:24 - 抚摸猫咪，快乐值+10
2026-03-07 10:17:24 - 抚摸猫咪，快乐值+10
2026-03-07 10:17:24 - 抚摸猫咪，快乐值+10
2026-03-07 10:17:24 - 猫咪拉屎了: poop_1772878644_2937
2026-03-07 10:17:24 - 抚摸猫咪，快乐值+10
2026-03-07 10:17:24 - 抚摸猫咪，快乐值+10
2026-03-07 10:17:24 - 抚摸猫咪，快乐值+10
2026-03-07 10:17:25 - 抚摸猫咪，快乐值+10
2026-03-07 10:17:26 - 清理便便: poop_1772878644_2937
2026-03-07 10:17:26 - 猫咪拉屎了: poop_1772878646_3827
2026-03-07 10:17:28 - 清理便便: poop_1772878646_3827
2026-03-07 10:17:29 - 猫咪拉屎了: poop_1772878649_8536
2026-03-07 10:17:30 - 清理便便: poop_1772878649_8536
2026-03-07 10:17:32 - 猫咪拉屎了: poop_1772878652_9406
2026-03-07 10:17:32 - 清理便便: poop_1772878652_9406
2026-03-07 10:17:35 - 猫咪拉屎了: poop_1772878655_7567
2026-03-07 10:17:37 - 清理便便: poop_1772878655_7567
2026-03-07 10:17:38 - 猫咪拉屎了: poop_1772878658_4323
2026-03-07 10:17:39 - 清理便便: poop_1772878658_4323
2026-03-07 10:17:41 - 猫咪拉屎了: poop_1772878661_2605
2026-03-07 10:17:43 - 清理便便: poop_1772878661_2605
2026-03-07 10:17:44 - 猫咪拉屎了: poop_1772878664_3234
2026-03-07 10:17:45 - 猫咪开始睡觉
2026-03-07 10:17:46 - 清理便便: poop_1772878664_3234
2026-03-07 10:17:49 - 猫咪醒来
2026-03-07 10:17:50 - 猫咪拉屎了: poop_1772878670_3349
2026-03-07 10:17:50 - 猫咪开始睡觉
2026-03-07 10:17:52 - 清理便便: poop_1772878670_3349
2026-03-07 10:17:53 - 猫咪醒来
2026-03-07 10:17:54 - 猫咪拉屎了: poop_1772878674_4245
2026-03-07 10:17:56 - 抚摸猫咪，快乐值+10
2026-03-07 10:17:56 - 清理便便: poop_1772878674_4245
2026-03-07 10:17:57 - 猫咪拉屎了: poop_1772878677_1797
2026-03-07 10:17:58 - 清理便便: poop_1772878677_1797
2026-03-07 10:17:59 - 猫咪拉屎了: poop_1772878679_4584
2026-03-07 10:18:00 - 清理便便: poop_1772878679_4584
2026-03-07 10:18:02 - 猫咪拉屎了: poop_1772878682_3727
2026-03-07 10:18:04 - 开始打工
2026-03-07 10:18:14 - 清理便便: poop_1772878682_3727
2026-03-07 10:18:14 - 开始给猫咪洗澡
2026-03-07 10:18:22 - 猫咪洗完澡了
2026-03-07 10:18:22 - 猫咪拉屎了: poop_1772878702_7781
2026-03-07 10:18:25 - 清理便便: poop_1772878702_7781
2026-03-07 10:18:25 - 猫咪拉屎了: poop_1772878705_3136
2026-03-07 10:18:26 - 玩耍，快乐值+30
2026-03-07 10:18:33 - 喂食，饥饿值+25
2026-03-07 10:18:37 - 清理便便: poop_1772878705_3136
2026-03-07 10:18:37 - 猫咪拉屎了: poop_1772878717_5181
2026-03-07 10:18:37 - 开始打工
2026-03-07 10:18:38 - 清理便便: poop_1772878717_5181
2026-03-07 10:18:47 - 打工结束，获得10元
2026-03-07 10:18:47 - 猫咪拉屎了: poop_1772878727_8703
2026-03-07 10:18:51 - 猫咪开始睡觉
2026-03-07 10:18:51 - 清理便便: poop_1772878727_8703
2026-03-07 10:18:52 - 猫咪醒来
2026-03-07 10:18:53 - 猫咪拉屎了: poop_1772878733_9940
2026-03-07 10:18:53 - 玩耍，快乐值+30
2026-03-07 10:18:56 - 猫咪开始睡觉
2026-03-07 10:18:56 - 猫咪醒来
2026-03-07 10:18:57 - 清理便便: poop_1772878733_9940
2026-03-07 10:18:57 - 猫咪开始睡觉
2026-03-07 10:18:58 - 猫咪醒来
2026-03-07 10:18:59 - 喂食，饥饿值+25
2026-03-07 10:18:59 - 猫咪拉屎了: poop_1772878739_4339
2026-03-07 10:19:00 - 开始给猫咪洗澡
2026-03-07 10:19:01 - 清理便便: poop_1772878739_4339
2026-03-07 10:19:04 - 猫咪洗完澡了
2026-03-07 10:19:04 - 猫咪拉屎了: poop_1772878744_5798
2026-03-07 10:19:04 - 抚摸猫咪，快乐值+10
2026-03-07 10:19:05 - 抚摸猫咪，快乐值+10
2026-03-07 10:19:06 - 清理便便: poop_1772878744_5798
2026-03-07 10:19:07 - 抚摸猫咪，快乐值+10
2026-03-07 10:19:07 - 猫咪拉屎了: poop_1772878747_6272
2026-03-07 10:19:08 - 抚摸猫咪，快乐值+10
2026-03-07 10:19:08 - 猫咪开始睡觉
2026-03-07 10:19:09 - 清理便便: poop_1772878747_6272
2026-03-07 10:19:10 - 喂食，饥饿值+25
2026-03-07 10:19:11 - 猫咪醒来
2026-03-07 10:19:14 - 猫咪拉屎了: poop_1772878754_6008
2026-03-07 10:19:14 - 猫咪开始睡觉
2026-03-07 10:19:16 - 清理便便: poop_1772878754_6008
2026-03-07 10:19:41 - 猫咪醒来
2026-03-07 10:19:41 - 猫咪拉屎了: poop_1772878781_6909
2026-03-07 10:19:42 - 猫咪开始睡觉
2026-03-07 10:19:45 - 清理便便: poop_1772878781_6909
2026-03-07 10:19:53 - 猫咪醒来
2026-03-07 10:19:56 - 猫咪拉屎了: poop_1772878796_7252
2026-03-07 10:19:57 - 猫咪开始睡觉
2026-03-07 10:19:59 - 清理便便: poop_1772878796_7252
2026-03-07 10:20:05 - 猫咪自然醒来
2026-03-07 10:20:05 - 猫咪拉屎了: poop_1772878805_4145
2026-03-07 10:20:08 - 猫咪开始睡觉
2026-03-07 10:20:09 - 猫咪自然醒来
2026-03-07 10:20:09 - 猫咪开始睡觉
2026-03-07 10:20:10 - 清理便便: poop_1772878805_4145
2026-03-07 10:20:11 - 猫咪自然醒来
2026-03-07 10:20:11 - 猫咪拉屎了: poop_1772878811_4191
2026-03-07 10:20:15 - 清理便便: poop_1772878811_4191
2026-03-07 10:20:17 - 猫咪拉屎了: poop_1772878817_8507
2026-03-07 10:20:21 - 清理便便: poop_1772878817_8507
2026-03-07 10:20:23 - 猫咪拉屎了: poop_1772878823_8563
2026-03-07 10:20:24 - 清理便便: poop_1772878823_8563
2026-03-07 10:20:26 - 猫咪拉屎了: poop_1772878826_8612
2026-03-07 10:20:27 - 清理便便: poop_1772878826_8612
2026-03-07 10:20:29 - 猫咪拉屎了: poop_1772878829_8411
2026-03-07 10:20:33 - 抚摸猫咪，快乐值+10
2026-03-07 10:20:34 - 抚摸猫咪，快乐值+10
2026-03-07 10:20:34 - 抚摸猫咪，快乐值+10
2026-03-07 10:20:35 - 清理便便: poop_1772878829_8411
2026-03-07 10:20:35 - 猫咪拉屎了: poop_1772878835_8431
2026-03-07 10:20:35 - 抚摸猫咪，快乐值+10
2026-03-07 10:20:39 - 抚摸猫咪，快乐值+10
2026-03-07 10:20:39 - 清理便便: poop_1772878835_8431
2026-03-07 10:20:39 - 猫咪拉屎了: poop_1772878839_8819
2026-03-07 10:20:42 - 清理便便: poop_1772878839_8819
2026-03-07 10:20:43 - 猫咪拉屎了: poop_1772878843_2189
2026-03-07 10:20:46 - 玩耍，快乐值+30
2026-03-07 10:20:48 - 清理便便: poop_1772878843_2189
2026-03-07 10:20:49 - 喂食，饥饿值+25
2026-03-07 10:20:50 - 猫咪拉屎了: poop_1772878850_3734
2026-03-07 10:20:52 - 清理便便: poop_1772878850_3734
2026-03-07 10:20:53 - 猫咪拉屎了: poop_1772878853_1671
2026-03-07 10:20:53 - 喂食，饥饿值+25
2026-03-07 10:20:55 - 猫咪开始睡觉
2026-03-07 10:21:02 - 猫咪自然醒来
2026-03-07 10:21:03 - 猫咪开始睡觉
2026-03-07 10:21:05 - 猫咪自然醒来
2026-03-07 10:21:06 - 清理便便: poop_1772878853_1671
2026-03-07 10:21:08 - 猫咪拉屎了: poop_1772878868_8612
2026-03-07 10:21:09 - 清理便便: poop_1772878868_8612
2026-03-07 10:21:11 - 猫咪拉屎了: poop_1772878871_4127
2026-03-07 10:21:12 - 清理便便: poop_1772878871_4127
2026-03-07 10:21:14 - 猫咪拉屎了: poop_1772878874_6706
2026-03-07 10:21:16 - 清理便便: poop_1772878874_6706
2026-03-07 10:21:17 - 猫咪拉屎了: poop_1772878877_7366
2026-03-07 10:21:21 - 猫咪开始睡觉
2026-03-07 10:21:22 - 猫咪自然醒来
2026-03-07 10:21:22 - 猫咪开始睡觉
2026-03-07 10:21:23 - 猫咪自然醒来
2026-03-07 10:21:23 - 猫咪开始睡觉
2026-03-07 10:21:23 - 猫咪醒来
2026-03-07 10:21:26 - 猫咪开始睡觉
2026-03-07 10:21:29 - 猫咪自然醒来
2026-03-07 10:21:29 - 清理便便: poop_1772878877_7366
2026-03-07 10:21:32 - 猫咪拉屎了: poop_1772878892_2945
2026-03-07 10:21:33 - 清理便便: poop_1772878892_2945
2026-03-07 10:21:35 - 猫咪拉屎了: poop_1772878895_9666
2026-03-07 10:21:40 - 猫咪开始睡觉
2026-03-07 10:21:41 - 猫咪自然醒来
2026-03-07 10:21:42 - 猫咪开始睡觉
2026-03-07 10:21:43 - 猫咪自然醒来
2026-03-07 10:21:43 - 猫咪开始睡觉
2026-03-07 10:21:44 - 猫咪自然醒来
2026-03-07 10:21:45 - 猫咪开始睡觉
2026-03-07 10:21:47 - 猫咪自然醒来
2026-03-07 10:21:47 - 猫咪开始睡觉
2026-03-07 10:21:47 - 猫咪醒来
2026-03-07 10:21:49 - 猫咪开始睡觉
2026-03-07 10:21:50 - 猫咪自然醒来
2026-03-07 10:21:52 - 猫咪开始睡觉
2026-03-07 10:21:53 - 猫咪自然醒来
2026-03-07 10:21:59 - 猫咪开始睡觉
2026-03-07 10:22:00 - 猫咪自然醒来
2026-03-07 10:22:00 - 猫咪开始睡觉
2026-03-07 10:22:01 - 猫咪自然醒来
2026-03-07 10:22:01 - 猫咪开始睡觉
2026-03-07 10:22:02 - 猫咪自然醒来
2026-03-07 10:22:03 - 猫咪开始睡觉
2026-03-07 10:22:05 - 猫咪自然醒来
2026-03-07 10:22:07 - 猫咪开始睡觉
2026-03-07 10:22:08 - 猫咪自然醒来
2026-03-07 10:22:14 - 清理便便: poop_1772878895_9666
2026-03-07 10:22:17 - 猫咪拉屎了: poop_1772878937_7398
2026-03-07 10:22:19 - 清理便便: poop_1772878937_7398
2026-03-07 10:22:20 - 猫咪拉屎了: poop_1772878940_7709
2026-03-07 10:22:23 - 猫咪开始睡觉
2026-03-07 10:22:24 - 猫咪自然醒来
2026-03-07 10:22:24 - 猫咪开始睡觉
2026-03-07 10:22:24 - 猫咪醒来
2026-03-07 10:22:26 - 猫咪开始睡觉
2026-03-07 10:22:27 - 猫咪自然醒来
2026-03-07 10:22:27 - 猫咪开始睡觉
2026-03-07 10:22:29 - 猫咪自然醒来
2026-03-07 10:22:31 - 猫咪开始睡觉
2026-03-07 10:22:32 - 猫咪自然醒来
2026-03-07 10:22:32 - 猫咪开始睡觉
2026-03-07 10:22:32 - 猫咪醒来
2026-03-07 10:22:40 - 玩耍，快乐值+30
2026-03-07 10:22:46 - 喂食，饥饿值+25
2026-03-07 10:22:48 - 开始打工
2026-03-07 10:22:58 - 打工结束，获得10元
2026-03-07 10:23:00 - 开始打工
2026-03-07 10:23:10 - 打工结束，获得10元
2026-03-07 10:23:10 - 开始打工
2026-03-07 10:23:20 - 打工结束，获得10元
2026-03-07 10:23:22 - 清理便便: poop_1772878940_7709
2026-03-07 10:23:23 - 猫咪拉屎了: poop_1772879003_4772
2026-03-07 10:23:29 - 玩耍，快乐值+30
2026-03-07 10:23:32 - 喂食，饥饿值+25
2026-03-07 10:23:37 - 清理便便: poop_1772879003_4772
2026-03-07 10:23:38 - 猫咪拉屎了: poop_1772879018_8762
2026-03-07 10:23:39 - 清理便便: poop_1772879018_8762
2026-03-07 10:23:40 - 猫咪拉屎了: poop_1772879020_1503
2026-03-07 10:23:41 - 清理便便: poop_1772879020_1503
2026-03-07 10:23:41 - 开始打工
2026-03-07 10:23:47 - 游戏重置
2026-03-07 10:23:48 - 猫咪拉屎了: poop_1772879028_5216
2026-03-07 10:23:51 - 清理便便: poop_1772879028_5216
2026-03-07 10:23:53 - 猫咪拉屎了: poop_1772879033_9014
2026-03-07 10:23:54 - 清理便便: poop_1772879033_9014
2026-03-07 10:23:56 - 猫咪拉屎了: poop_1772879036_3784
2026-03-07 10:24:00 - 清理便便: poop_1772879036_3784
2026-03-07 10:24:00 - 猫咪拉屎了: poop_1772879040_5522
2026-03-07 10:24:01 - 喂食，饥饿值+25
2026-03-07 10:24:05 - 喂食，饥饿值+25
2026-03-07 10:24:06 - 开始给猫咪洗澡
2026-03-07 10:24:06 - 清理便便: poop_1772879040_5522
2026-03-07 10:24:08 - 猫咪洗完澡了
2026-03-07 10:24:08 - 猫咪拉屎了: poop_1772879048_2669
2026-03-07 10:24:10 - 清理便便: poop_1772879048_2669
2026-03-07 10:24:11 - 猫咪拉屎了: poop_1772879051_4446
2026-03-07 10:24:13 - 猫咪开始睡觉
2026-03-07 10:24:14 - 清理便便: poop_1772879051_4446
2026-03-07 10:24:22 - 猫咪醒来
2026-03-07 10:24:23 - 猫咪拉屎了: poop_1772879063_3992
2026-03-07 10:24:27 - 玩耍，快乐值+30
2026-03-07 10:24:28 - 清理便便: poop_1772879063_3992
2026-03-07 10:24:30 - 开始打工
2026-03-07 10:24:40 - 打工结束，获得10元
2026-03-07 10:24:40 - 猫咪拉屎了: poop_1772879080_5617
2026-03-07 10:24:42 - 清理便便: poop_1772879080_5617
2026-03-07 10:24:42 - 猫咪拉屎了: poop_1772879082_4096
2026-03-07 10:24:43 - 猫咪开始睡觉
2026-03-07 10:24:44 - 清理便便: poop_1772879082_4096
2026-03-07 10:24:46 - 猫咪醒来
2026-03-07 10:24:48 - 猫咪拉屎了: poop_1772879088_3105
2026-03-07 10:24:50 - 清理便便: poop_1772879088_3105
2026-03-07 10:24:51 - 猫咪拉屎了: poop_1772879091_3100
2026-03-07 10:24:53 - 猫咪开始睡觉
2026-03-07 10:24:53 - 清理便便: poop_1772879091_3100
2026-03-07 10:25:00 - 猫咪醒来
2026-03-07 10:25:00 - 猫咪拉屎了: poop_1772879100_4450
2026-03-07 10:25:11 - 清理便便: poop_1772879100_4450
2026-03-07 10:25:12 - 猫咪拉屎了: poop_1772879112_2683
2026-03-07 10:25:21 - 喂食，饥饿值+25
2026-03-07 10:25:23 - 清理便便: poop_1772879112_2683
2026-03-07 10:25:24 - 猫咪拉屎了: poop_1772879124_3997
2026-03-07 10:25:26 - 猫咪开始睡觉
2026-03-07 10:25:27 - 清理便便: poop_1772879124_3997
2026-03-07 10:26:01 - 猫咪自然醒来
2026-03-07 10:26:01 - 猫咪开始睡觉
2026-03-07 10:26:02 - 猫咪自然醒来
2026-03-07 10:26:02 - 猫咪开始睡觉
2026-03-07 10:26:03 - 猫咪自然醒来
2026-03-07 10:26:03 - 猫咪开始睡觉
2026-03-07 10:26:06 - 猫咪自然醒来
2026-03-07 10:26:09 - 猫咪拉屎了: poop_1772879169_2713
2026-03-07 10:26:13 - 清理便便: poop_1772879169_2713
2026-03-07 10:26:15 - 猫咪拉屎了: poop_1772879175_9044
2026-03-07 10:26:26 - 开始给猫咪洗澡
2026-03-07 10:26:28 - 猫咪洗完澡了
2026-03-07 10:26:29 - 清理便便: poop_1772879175_9044
2026-03-07 10:26:30 - 猫咪拉屎了: poop_1772879190_7815
2026-03-07 10:26:31 - 清理便便: poop_1772879190_7815
2026-03-07 10:26:31 - 猫咪拉屎了: poop_1772879191_8952
2026-03-07 10:26:36 - 清理便便: poop_1772879191_8952
2026-03-07 10:26:37 - 猫咪拉屎了: poop_1772879197_5173
2026-03-07 10:26:52 - 清理便便: poop_1772879197_5173
2026-03-07 10:26:52 - 猫咪拉屎了: poop_1772879212_8486
2026-03-07 10:26:54 - 清理便便: poop_1772879212_8486
2026-03-07 10:26:55 - 开始打工
2026-03-07 10:27:05 - 打工结束，获得10元
2026-03-07 10:27:05 - 猫咪拉屎了: poop_1772879225_1197
2026-03-07 10:27:16 - 猫咪开始睡觉
2026-03-07 10:27:20 - 猫咪醒来
2026-03-07 10:27:23 - 清理便便: poop_1772879225_1197
2026-03-07 10:27:25 - 猫咪拉屎了: poop_1772879245_6393
2026-03-07 10:27:27 - 清理便便: poop_1772879245_6393
2026-03-07 10:27:28 - 猫咪拉屎了: poop_1772879248_4231
2026-03-07 10:27:33 - 猫咪开始睡觉
2026-03-07 10:27:34 - 猫咪自然醒来
2026-03-07 10:27:34 - 猫咪开始睡觉
2026-03-07 10:27:36 - 猫咪自然醒来
2026-03-07 10:27:36 - 猫咪开始睡觉
2026-03-07 10:27:36 - 猫咪醒来
2026-03-07 10:27:43 - 喂食，饥饿值+25
2026-03-07 10:27:48 - 开始打工
2026-03-07 10:27:58 - 打工结束，获得10元
2026-03-07 10:28:21 - 清理便便: poop_1772879248_4231
2026-03-07 10:28:22 - 猫咪拉屎了: poop_1772879302_6557
2026-03-07 10:28:37 - 抚摸猫咪，快乐值+10
2026-03-07 10:28:38 - 清理便便: poop_1772879302_6557
2026-03-07 10:28:40 - 猫咪拉屎了: poop_1772879320_2314
2026-03-07 10:28:45 - 清理便便: poop_1772879320_2314
2026-03-07 10:28:46 - 喂食，饥饿值+25
2026-03-07 10:28:46 - 猫咪拉屎了: poop_1772879326_6458
2026-03-07 10:28:51 - 清理便便: poop_1772879326_6458
2026-03-07 10:28:52 - 玩耍，快乐值+30
2026-03-07 10:28:52 - 猫咪拉屎了: poop_1772879332_6429
2026-03-07 10:28:59 - 清理便便: poop_1772879332_6429
2026-03-07 10:29:01 - 猫咪拉屎了: poop_1772879341_5478
2026-03-07 10:29:06 - 清理便便: poop_1772879341_5478
2026-03-07 10:29:07 - 玩耍，快乐值+30
2026-03-07 10:29:07 - 猫咪拉屎了: poop_1772879347_6311
2026-03-07 10:29:12 - 喂食，饥饿值+25
2026-03-07 10:29:13 - 清理便便: poop_1772879347_6311
2026-03-07 10:29:13 - 猫咪拉屎了: poop_1772879353_9092
2026-03-07 10:29:14 - 清理便便: poop_1772879353_9092
2026-03-07 10:29:16 - 猫咪拉屎了: poop_1772879356_3464
2026-03-07 10:29:17 - 清理便便: poop_1772879356_3464
2026-03-07 10:29:19 - 猫咪拉屎了: poop_1772879359_4643
2026-03-07 10:29:22 - 清理便便: poop_1772879359_4643
2026-03-07 10:29:22 - 猫咪拉屎了: poop_1772879362_6174
2026-03-07 10:29:25 - 清理便便: poop_1772879362_6174
2026-03-07 10:29:25 - 猫咪拉屎了: poop_1772879365_5346
2026-03-07 10:29:27 - 抚摸猫咪，快乐值+10
2026-03-07 10:29:28 - 抚摸猫咪，快乐值+10
2026-03-07 10:29:29 - 清理便便: poop_1772879365_5346
2026-03-07 10:29:30 - 抚摸猫咪，快乐值+10
2026-03-07 10:29:31 - 猫咪拉屎了: poop_1772879371_6959
2026-03-07 10:29:32 - 清理便便: poop_1772879371_6959
2026-03-07 10:29:34 - 猫咪拉屎了: poop_1772879374_3820
2026-03-07 10:29:35 - 清理便便: poop_1772879374_3820
2026-03-07 10:29:37 - 猫咪拉屎了: poop_1772879377_9473
2026-03-07 10:29:39 - 清理便便: poop_1772879377_9473
2026-03-07 10:29:40 - 开始打工
2026-03-07 10:29:50 - 打工结束，获得10元
2026-03-07 10:29:50 - 猫咪拉屎了: poop_1772879390_8089
2026-03-07 10:29:55 - 清理便便: poop_1772879390_8089
2026-03-07 10:29:56 - 猫咪拉屎了: poop_1772879396_3634
2026-03-07 10:29:59 - 猫咪拉屎了: poop_1772879399_5220
2026-03-07 10:30:02 - 清理便便: poop_1772879399_5220
2026-03-07 10:30:05 - 猫咪拉屎了: poop_1772879405_3082
2026-03-07 10:30:12 - 清理便便: poop_1772879405_3082
2026-03-07 10:30:14 - 猫咪拉屎了: poop_1772879414_4619
2026-03-07 10:30:17 - 清理便便: poop_1772879414_4619
2026-03-07 10:30:20 - 开始打工
2026-03-07 10:30:30 - 打工结束，获得10元
2026-03-07 10:30:30 - 猫咪拉屎了: poop_1772879430_7229
2026-03-07 10:30:36 - 开始给猫咪洗澡
2026-03-07 10:30:40 - 猫咪洗完澡了
2026-03-07 10:30:40 - 抚摸猫咪，快乐值+10
2026-03-07 10:30:43 - 抚摸猫咪，快乐值+10
2026-03-07 10:30:45 - 清理便便: poop_1772879430_7229
2026-03-07 10:30:47 - 猫咪拉屎了: poop_1772879447_2839
2026-03-07 10:31:00 - 喂食，饥饿值+25
2026-03-07 10:31:07 - 开始打工
2026-03-07 10:31:17 - 打工结束，获得10元
2026-03-07 10:31:21 - 开始打工
2026-03-07 10:31:31 - 打工结束，获得10元
2026-03-07 10:31:39 - 清理便便: poop_1772879447_2839
2026-03-07 10:31:41 - 猫咪拉屎了: poop_1772879501_6758
2026-03-07 10:31:44 - 猫咪开始睡觉
2026-03-07 10:31:54 - 清理便便: poop_1772879501_6758
2026-03-07 10:32:37 - 猫咪自然醒来
2026-03-07 10:32:37 - 猫咪拉屎了: poop_1772879557_1162
2026-03-07 10:32:39 - 清理便便: poop_1772879557_1162
2026-03-07 10:32:40 - 猫咪拉屎了: poop_1772879560_5325
2026-03-07 10:32:42 - 抚摸猫咪，快乐值+10
2026-03-07 10:32:44 - 抚摸猫咪，快乐值+10
2026-03-07 10:32:44 - 抚摸猫咪，快乐值+10
2026-03-07 10:32:45 - 抚摸猫咪，快乐值+10
2026-03-07 10:32:47 - 开始打工
2026-03-07 10:32:57 - 打工结束，获得10元
2026-03-07 10:33:02 - 开始给猫咪洗澡
2026-03-07 10:33:02 - 清理便便: poop_1772879560_5325
2026-03-07 10:33:03 - 猫咪洗完澡了
2026-03-07 10:33:03 - 猫咪拉屎了: poop_1772879583_1156
2026-03-07 10:33:10 - 清理便便: poop_1772879583_1156
2026-03-07 10:33:11 - 喂食，饥饿值+25
2026-03-07 10:33:12 - 猫咪拉屎了: poop_1772879592_8981
2026-03-07 10:33:13 - 开始打工
2026-03-07 10:33:23 - 打工结束，获得10元
2026-03-07 10:33:31 - 玩耍，快乐值+30
2026-03-07 10:33:34 - 喂食，饥饿值+25
2026-03-07 10:33:37 - 开始打工
2026-03-07 10:33:47 - 打工结束，获得10元
2026-03-07 10:34:16 - 喂食，饥饿值+25
2026-03-07 10:34:56 - 清理便便: poop_1772879592_8981
2026-03-07 10:34:57 - 猫咪拉屎了: poop_1772879697_8433
2026-03-07 10:34:59 - 清理便便: poop_1772879697_8433
2026-03-07 10:35:00 - 猫咪拉屎了: poop_1772879700_5611
2026-03-07 10:35:02 - 清理便便: poop_1772879700_5611
2026-03-07 10:35:03 - 猫咪拉屎了: poop_1772879703_3760
2026-03-07 10:35:10 - 游戏重置
2026-03-07 10:35:10 - 猫咪拉屎了: poop_1772879710_4869
2026-03-07 10:35:14 - 抚摸猫咪，快乐值+10
2026-03-07 10:35:18 - 清理便便: poop_1772879710_4869
2026-03-07 10:35:18 - 猫咪拉屎了: poop_1772879718_3339
2026-03-07 10:35:19 - 清理便便: poop_1772879718_3339
2026-03-07 10:35:21 - 猫咪拉屎了: poop_1772879721_6488
2026-03-07 10:35:23 - 清理便便: poop_1772879721_6488
2026-03-07 10:35:24 - 猫咪拉屎了: poop_1772879724_6918
2026-03-07 10:35:28 - 清理便便: poop_1772879724_6918
2026-03-07 10:35:30 - 猫咪拉屎了: poop_1772879730_2662
2026-03-07 10:35:31 - 清理便便: poop_1772879730_2662
2026-03-07 10:35:33 - 猫咪拉屎了: poop_1772879733_6322
2026-03-07 10:35:34 - 清理便便: poop_1772879733_6322
2026-03-07 10:35:36 - 猫咪拉屎了: poop_1772879736_2206
2026-03-07 10:35:37 - 清理便便: poop_1772879736_2206
2026-03-07 10:35:39 - 猫咪拉屎了: poop_1772879739_6647
2026-03-07 10:35:50 - 开始打工
2026-03-07 10:36:00 - 打工结束，获得10元
2026-03-07 10:36:10 - 清理便便: poop_1772879739_6647
2026-03-07 10:36:13 - 游戏重置
2026-03-07 10:36:14 - 开始打工
2026-03-07 10:36:24 - 打工结束，获得10元
2026-03-07 10:36:30 - 开始打工
2026-03-07 10:36:40 - 打工结束，获得10元
2026-03-07 10:36:42 - 开始打工
2026-03-07 10:36:52 - 打工结束，获得10元
2026-03-07 10:37:26 - 开始打工
2026-03-07 10:37:36 - 打工结束，获得10元
2026-03-07 10:37:39 - 开始打工
2026-03-07 10:37:49 - 打工结束，获得10元
2026-03-07 10:37:59 - 喂食，饥饿值+25
2026-03-07 10:38:04 - 喂食，饥饿值+25
2026-03-07 10:38:09 - 玩耍，快乐值+30
2026-03-07 10:38:13 - 玩耍，快乐值+30
2026-03-07 10:38:15 - 开始给猫咪洗澡
2026-03-07 10:38:26 - 猫咪洗完澡了
2026-03-07 10:38:29 - 猫咪开始睡觉
2026-03-07 10:39:40 - 猫咪自然醒来
2026-03-07 10:40:06 - 喂食，饥饿值+25
2026-03-07 10:40:10 - 玩耍，快乐值+30
2026-03-07 10:40:13 - 开始打工
2026-03-07 10:40:23 - 打工结束，获得10元
2026-03-07 10:40:28 - 猫咪开始睡觉
2026-03-07 10:40:39 - 猫咪自然醒来
2026-03-07 10:40:59 - 开始打工
2026-03-07 10:41:09 - 打工结束，获得10元
2026-03-07 10:41:13 - 猫咪开始睡觉
2026-03-07 10:41:13 - 猫咪醒来
2026-03-07 10:41:15 - 开始打工
2026-03-07 10:41:25 - 打工结束，获得10元
2026-03-07 10:41:27 - 开始打工
2026-03-07 10:41:37 - 打工结束，获得10元
2026-03-07 10:41:37 - 开始打工
2026-03-07 10:41:47 - 打工结束，获得10元
2026-03-07 10:42:03 - 玩耍，快乐值+30
2026-03-07 10:42:14 - 喂食，饥饿值+25
2026-03-07 10:42:20 - 抚摸猫咪，快乐值+10
2026-03-07 10:42:21 - 抚摸猫咪，快乐值+10
2026-03-07 10:42:21 - 抚摸猫咪，快乐值+10
2026-03-07 10:42:21 - 抚摸猫咪，快乐值+10
2026-03-07 10:42:22 - 抚摸猫咪，快乐值+10
2026-03-07 10:42:28 - 玩耍，快乐值+30
2026-03-07 10:42:31 - 猫咪开始睡觉
2026-03-07 10:43:01 - 猫咪自然醒来
2026-03-07 10:43:20 - 喂食，饥饿值+25
2026-03-07 10:45:02 - 开始打工
2026-03-07 10:45:12 - 打工结束，获得10元
2026-03-07 10:50:24 - 抚摸猫咪，快乐值+10
2026-03-07 10:50:25 - 抚摸猫咪，快乐值+10
2026-03-07 10:50:27 - 开始给猫咪洗澡
2026-03-07 10:50:29 - 猫咪洗完澡了
2026-03-07 10:50:42 - 开始打工
2026-03-07 10:50:46 - 喂食，饥饿值+25
2026-03-07 10:50:52 - 打工结束，获得10元
2026-03-07 10:54:58 - 开始打工
2026-03-07 10:55:08 - 打工结束，获得10元
2026-03-07 10:57:02 - 玩耍，快乐值+30
2026-03-07 10:57:11 - 玩耍，快乐值+30
2026-03-07 10:57:21 - 玩耍，快乐值+30
2026-03-07 10:57:50 - 吃猫粮，饥饿值+20
2026-03-07 10:58:18 - 开始打工
2026-03-07 10:58:28 - 打工结束，获得10元
2026-03-07 10:58:30 - 开始打工
2026-03-07 10:58:40 - 打工结束，获得10元
2026-03-07 10:58:46 - 开始给猫咪洗澡
2026-03-07 10:58:47 - 猫咪洗完澡了
2026-03-07 10:59:12 - 玩耍，快乐值+30
2026-03-07 10:59:24 - 开始打工
2026-03-07 10:59:34 - 打工结束，获得10元
2026-03-07 10:59:35 - 开始打工
2026-03-07 10:59:45 - 打工结束，获得10元
2026-03-07 10:59:48 - 玩耍，快乐值+30
2026-03-07 10:59:49 - 开始给猫咪洗澡
2026-03-07 10:59:50 - 猫咪洗完澡了
2026-03-07 11:00:18 - 吃猫粮，饥饿值+20
2026-03-07 11:00:22 - 猫咪开始睡觉
2026-03-07 11:00:22 - 猫咪醒来
2026-03-07 11:00:24 - 猫咪开始睡觉
2026-03-07 11:01:30 - 猫咪自然醒来
2026-03-07 11:01:39 - 开始打工
2026-03-07 11:01:49 - 打工结束，获得10元
2026-03-07 11:02:03 - 吃小鱼干，饥饿值+35，快乐值+10
2026-03-07 11:02:09 - 玩耍，快乐值+30
2026-03-07 11:02:12 - 开始给猫咪洗澡
2026-03-07 11:02:22 - 猫咪洗完澡了
2026-03-07 11:02:24 - 猫咪开始睡觉
2026-03-07 11:02:25 - 猫咪醒来
2026-03-07 11:02:28 - 吃小鱼干，饥饿值+35，快乐值+10
2026-03-07 11:02:34 - 吃小鱼干，饥饿值+35，快乐值+10
2026-03-07 11:02:46 - 开始打工
2026-03-07 11:02:56 - 打工结束，获得10元
2026-03-07 11:03:03 - 开始打工
2026-03-07 11:03:13 - 打工结束，获得10元
2026-03-07 11:03:21 - 吃猫粮，饥饿值+20
2026-03-07 11:03:22 - 猫咪开始睡觉
2026-03-07 11:03:22 - 猫咪醒来
2026-03-07 11:03:25 - 猫咪开始睡觉
2026-03-07 11:06:07 - 猫咪自然醒来
2026-03-07 11:06:24 - 吃小鱼干，饥饿值+35，快乐值+10
2026-03-07 11:06:30 - 玩耍，快乐值+30
2026-03-07 11:06:32 - 开始给猫咪洗澡
2026-03-07 11:06:50 - 猫咪洗完澡了
2026-03-07 11:06:56 - 开始打工
2026-03-07 11:07:06 - 打工结束，获得10元
2026-03-07 11:07:08 - 开始打工
2026-03-07 11:07:18 - 打工结束，获得10元
2026-03-07 11:07:27 - 吃猫粮，饥饿值+20
2026-03-07 11:07:35 - 吃猫粮，饥饿值+20
2026-03-07 11:07:40 - 吃猫粮，饥饿值+20
2026-03-07 11:07:43 - 猫咪开始睡觉
2026-03-07 11:08:04 - 猫咪醒来
2026-03-07 11:08:05 - 开始打工
2026-03-07 11:08:15 - 打工结束，获得10元
2026-03-07 11:08:30 - 吃猫粮，饥饿值+20
2026-03-07 11:08:31 - 猫咪开始睡觉
2026-03-07 11:08:32 - 猫咪醒来
2026-03-07 11:08:47 - 猫咪开始睡觉
2026-03-07 11:10:04 - 猫咪醒来
2026-03-07 11:10:09 - 开始给猫咪洗澡
2026-03-07 11:10:14 - 吃小鱼干，饥饿值+35，快乐值+10
2026-03-07 11:10:37 - 猫咪洗完澡了
2026-03-07 11:10:46 - 玩耍，快乐值+30
2026-03-07 11:10:57 - 玩耍，快乐值+30
2026-03-07 11:11:04 - 吃猫粮，饥饿值+20
2026-03-07 11:11:06 - 开始打工
2026-03-07 11:11:07 - 猫咪开始睡觉
2026-03-07 11:11:16 - 打工结束，获得100元
2026-03-07 11:12:50 - 猫咪醒来
2026-03-07 11:12:56 - 吃小鱼干，饥饿值+35，快乐值+10
2026-03-07 11:13:02 - 玩耍，快乐值+30
2026-03-07 11:13:05 - 开始打工
2026-03-07 11:13:15 - 打工结束，获得100元
2026-03-07 11:13:20 - 猫咪开始睡觉
2026-03-07 11:14:04 - 猫咪醒来
2026-03-07 11:14:05 - 开始打工
2026-03-07 11:14:15 - 打工结束，获得100元
2026-03-07 11:14:38 - 猫咪开始睡觉
2026-03-07 11:15:33 - 猫咪醒来
2026-03-07 11:15:40 - 吃猫粮，饥饿值+20
2026-03-07 11:15:45 - 吃猫粮，饥饿值+20
2026-03-07 11:15:52 - 吃猫粮，饥饿值+20
2026-03-07 11:16:01 - 玩耍，快乐值+30
2026-03-07 11:16:07 - 开始给猫咪洗澡
2026-03-07 11:16:35 - 猫咪洗完澡了
2026-03-07 11:16:39 - 开始打工
2026-03-07 11:16:49 - 打工结束，获得100元
2026-03-07 11:17:04 - 猫咪开始睡觉
2026-03-07 11:17:56 - 猫咪醒来
2026-03-07 11:17:57 - 开始打工
2026-03-07 11:18:07 - 打工结束，获得100元
2026-03-07 11:18:14 - 吃猫粮，饥饿值+20
2026-03-07 11:18:19 - 吃小鱼干，饥饿值+35，快乐值+10
2026-03-07 11:18:25 - 吃猫粮，饥饿值+20
2026-03-07 11:18:31 - 玩耍，快乐值+30
2026-03-07 11:18:33 - 猫咪开始睡觉
2026-03-07 11:19:33 - 猫咪醒来
2026-03-07 11:19:36 - 开始打工
2026-03-07 11:19:46 - 打工结束，获得100元
2026-03-07 11:20:20 - 吃小鱼干，饥饿值+35，快乐值+10
2026-03-07 11:20:22 - 猫咪开始睡觉
2026-03-07 11:20:55 - 猫咪醒来
2026-03-07 11:21:03 - 开始打工
2026-03-07 11:21:13 - 打工结束，获得100元
2026-03-07 11:21:23 - 猫咪开始睡觉
2026-03-07 11:22:09 - 猫咪醒来
2026-03-07 11:22:11 - 开始给猫咪洗澡
2026-03-07 11:22:48 - 猫咪洗完澡了
2026-03-07 11:22:51 - 猫咪开始睡觉
2026-03-07 11:23:02 - 猫咪醒来
2026-03-07 11:23:05 - 开始打工
2026-03-07 11:23:15 - 打工结束，获得100元
2026-03-07 11:23:21 - 猫咪开始睡觉
2026-03-07 11:23:33 - 猫咪醒来
2026-03-07 11:23:33 - 开始打工
2026-03-07 11:23:43 - 打工结束，获得100元
2026-03-07 11:23:46 - 猫咪开始睡觉
2026-03-07 11:23:48 - 猫咪醒来
2026-03-07 11:23:49 - 开始打工
2026-03-07 11:23:59 - 打工结束，获得100元
2026-03-07 11:24:03 - 猫咪开始睡觉
2026-03-07 11:24:04 - 猫咪醒来
2026-03-07 11:24:13 - 吃猫粮，饥饿值+20
2026-03-07 11:24:20 - 吃小鱼干，饥饿值+35，快乐值+10
2026-03-07 11:24:25 - 吃小鱼干，饥饿值+35，快乐值+10
2026-03-07 11:24:29 - 猫咪开始睡觉
2026-03-07 11:25:19 - 猫咪醒来
2026-03-07 11:25:22 - 猫咪开始睡觉
2026-03-07 11:26:06 - 学习技能: physics
2026-03-07 11:26:07 - 学习技能: physics
2026-03-07 11:26:07 - 学习技能: physics
2026-03-07 11:26:07 - 学习技能: physics
2026-03-07 11:26:07 - 学习技能: physics
2026-03-07 11:26:53 - 猫咪醒来
2026-03-07 11:26:59 - 玩耍，快乐值+30
2026-03-07 11:27:05 - 开始给猫咪洗澡
2026-03-07 11:27:33 - 猫咪洗完澡了
2026-03-07 11:27:35 - 开始打工
2026-03-07 11:27:45 - 打工结束，获得100元（基础100元 + 效率0%）
2026-03-07 11:27:51 - 猫咪开始睡觉
2026-03-07 11:27:52 - 猫咪醒来
2026-03-07 11:28:33 - 猫咪开始睡觉
2026-03-07 11:28:38 - 猫咪醒来
2026-03-07 11:28:43 - 玩耍，快乐值+30
2026-03-07 11:28:48 - 吃猫粮，饥饿值+20
2026-03-07 11:28:51 - 猫咪开始睡觉
2026-03-07 11:30:51 - 猫咪自然醒来
2026-03-07 11:31:04 - 开始学习: chemistry
2026-03-07 11:31:15 - 学习完成，chemistry +1级
2026-03-07 11:31:32 - 开始学习: chinese
2026-03-07 11:31:41 - 吃猫粮，饥饿值+20
2026-03-07 11:31:42 - 学习完成，chinese +1级
2026-03-07 11:31:42 - 开始打工
2026-03-07 11:31:52 - 打工结束，获得100元（基础100元 + 效率0%）
2026-03-07 11:32:24 - 吃猫粮，饥饿值+20
2026-03-07 11:32:28 - 吃猫粮，饥饿值+20
2026-03-07 11:32:33 - 吃猫粮，饥饿值+20
2026-03-07 11:32:45 - 吃猫粮，饥饿值+20
2026-03-07 11:32:49 - 玩耍，快乐值+30
2026-03-07 11:32:55 - 玩耍，快乐值+30
2026-03-07 11:32:57 - 开始给猫咪洗澡
2026-03-07 11:33:25 - 猫咪洗完澡了
2026-03-07 11:33:27 - 猫咪开始睡觉
2026-03-07 11:34:43 - 开始学习: physics
2026-03-07 11:34:53 - 学习完成，physics +1级
2026-03-07 11:35:56 - 猫咪醒来
2026-03-07 11:36:27 - 开始打工
2026-03-07 11:36:37 - 打工结束，获得100元（基础100元 + 效率0%）
2026-03-07 11:37:07 - 开始学习: english
2026-03-07 11:37:17 - 学习完成，english +1级
2026-03-07 11:37:21 - 猫咪开始睡觉
2026-03-07 11:37:44 - 猫咪醒来
2026-03-07 11:38:04 - 吃猫粮，饥饿值+20
2026-03-07 11:38:09 - 吃小鱼干，饥饿值+35，快乐值+10
2026-03-07 11:38:17 - 开始打工
2026-03-07 11:38:27 - 打工结束，获得100元（基础100元 + 效率0%）
2026-03-07 11:38:41 - 猫咪开始睡觉
2026-03-07 11:38:48 - 猫咪醒来
2026-03-07 11:39:12 - 喝牛奶，饥饿+5，快乐+3，清洁+2
2026-03-07 11:39:20 - 猫咪开始睡觉
2026-03-07 11:39:32 - 开始学习: math
2026-03-07 11:39:42 - 学习完成，math +1级
2026-03-07 11:40:24 - 猫咪醒来
2026-03-07 11:40:30 - 猫咪开始睡觉
2026-03-07 11:40:32 - 猫咪醒来
2026-03-07 11:40:35 - 猫咪开始睡觉
2026-03-07 11:40:36 - 猫咪醒来
2026-03-07 11:40:38 - 猫咪开始睡觉
2026-03-07 11:41:16 - 猫咪醒来
2026-03-07 11:41:18 - 猫咪开始睡觉
2026-03-07 11:41:24 - 开始学习: physics
2026-03-07 11:41:34 - 学习完成，physics +1级
2026-03-07 11:41:57 - 猫咪醒来
2026-03-07 11:42:04 - 吃猫粮，饥饿值+20
2026-03-07 11:42:08 - 吃猫粮，饥饿值+20
2026-03-07 11:42:13 - 吃猫粮，饥饿值+20
2026-03-07 11:42:19 - 吃猫粮，饥饿值+20
2026-03-07 11:42:25 - 吃猫粮，饥饿值+20
2026-03-07 11:42:33 - 玩耍，快乐值+30
2026-03-07 11:42:38 - 玩耍，快乐值+30
2026-03-07 11:42:57 - 开始给猫咪洗澡
2026-03-07 11:43:35 - 猫咪洗完澡了
2026-03-07 11:43:43 - 猫咪开始睡觉
2026-03-07 11:44:29 - 猫咪醒来
2026-03-07 11:44:31 - 开始打工
2026-03-07 11:44:41 - 打工结束，获得100元（基础100元 + 效率0%）
2026-03-07 11:44:47 - 猫咪开始睡觉
2026-03-07 11:45:21 - 猫咪醒来
2026-03-07 11:45:26 - 喝高级椰子水，饥饿+8，口渴+40，快乐+8，清洁+10，睡眠+5
2026-03-07 11:45:32 - 喝牛奶，饥饿+5，口渴+25，快乐+3，清洁+2
2026-03-07 11:46:11 - 猫咪开始睡觉
2026-03-07 11:46:18 - 猫咪醒来
2026-03-07 11:46:24 - 喝高级椰子水，饥饿+8，口渴+40，快乐+8，清洁+10，睡眠+5
2026-03-07 11:46:31 - 喝牛奶，饥饿+5，口渴+25，快乐+3，清洁+2
2026-03-07 11:46:40 - 开始打工
2026-03-07 11:46:50 - 打工结束，获得100元（基础100元 + 效率0%）
2026-03-07 11:47:02 - 猫咪开始睡觉
2026-03-07 11:47:05 - 猫咪醒来
2026-03-07 11:47:10 - 喝牛奶，饥饿+5，口渴+25，快乐+3，清洁+2
2026-03-07 11:48:06 - 开始打工
2026-03-07 11:48:16 - 打工结束，获得100元（基础100元 + 效率0%）
2026-03-07 11:49:06 - 猫咪开始睡觉
2026-03-07 11:49:10 - 猫咪醒来
2026-03-07 11:49:45 - 开始打工
2026-03-07 11:49:50 - 喝牛奶，饥饿+5，口渴+25，快乐+3，清洁+2
2026-03-07 11:49:55 - 打工结束，获得100元（基础100元 + 效率0%）
2026-03-07 11:50:01 - 吃猫粮，饥饿值+20
2026-03-07 11:50:06 - 吃猫粮，饥饿值+20
2026-03-07 11:50:12 - 吃猫粮，饥饿值+20
2026-03-07 11:50:14 - 猫咪开始睡觉
2026-03-07 11:50:14 - 猫咪醒来
2026-03-07 11:50:18 - 猫咪开始睡觉
2026-03-07 11:50:56 - 猫咪醒来
2026-03-07 11:51:06 - 喝牛奶，饥饿+5，口渴+25，快乐+3，清洁+2
2026-03-07 11:51:47 - 游戏重置
2026-03-07 11:53:22 - 猫咪开始睡觉
2026-03-07 11:53:33 - 猫咪醒来
2026-03-07 11:53:35 - 猫咪开始睡觉
2026-03-07 11:53:35 - 猫咪醒来
2026-03-07 11:53:37 - 猫咪开始睡觉
2026-03-07 11:53:38 - 猫咪醒来
2026-03-07 11:53:40 - 猫咪开始睡觉
2026-03-07 11:53:42 - 猫咪醒来
2026-03-07 11:53:44 - 开始打工
2026-03-07 11:53:54 - 打工结束，获得100元（基础100元 + 效率0%）
2026-03-07 11:53:59 - 开始打工
2026-03-07 11:54:09 - 打工结束，获得100元（基础100元 + 效率0%）
2026-03-07 11:54:42 - 吃小鱼干，饥饿值+35，快乐值+10
2026-03-07 11:54:50 - 猫咪开始睡觉
2026-03-07 11:55:01 - 猫咪醒来
2026-03-07 11:55:05 - 开始打工
2026-03-07 11:55:15 - 打工结束，获得100元（基础100元 + 效率0%）
2026-03-07 11:55:25 - 开始打工
2026-03-07 11:55:35 - 打工结束，获得100元（基础100元 + 效率0%）
2026-03-07 11:55:38 - 猫咪开始睡觉
2026-03-07 11:55:41 - 猫咪醒来
2026-03-07 11:55:46 - 吃小鱼干，饥饿值+35，快乐值+10
2026-03-07 11:55:50 - 猫咪开始睡觉
2026-03-07 11:56:00 - 猫咪醒来
2026-03-07 11:56:01 - 开始打工
2026-03-07 11:56:11 - 打工结束，获得100元（基础100元 + 效率0%）
2026-03-07 11:56:16 - 开始打工
2026-03-07 11:56:26 - 打工结束，获得100元（基础100元 + 效率0%）
2026-03-07 11:56:29 - 开始打工
2026-03-07 11:56:39 - 打工结束，获得100元（基础100元 + 效率0%）
2026-03-07 11:56:41 - 开始打工
2026-03-07 11:56:51 - 打工结束，获得100元（基础100元 + 效率0%）
2026-03-07 11:57:02 - 开始打工
2026-03-07 11:57:12 - 打工结束，获得100元（基础100元 + 效率0%）
2026-03-07 11:57:14 - 开始打工
2026-03-07 11:57:24 - 打工结束，获得100元（基础100元 + 效率0%）
2026-03-07 11:57:25 - 开始打工
2026-03-07 11:57:35 - 打工结束，获得100元（基础100元 + 效率0%）
2026-03-07 11:57:36 - 开始打工
2026-03-07 11:57:46 - 打工结束，获得100元（基础100元 + 效率0%）
2026-03-07 11:57:50 - 开始打工
2026-03-07 11:58:00 - 打工结束，获得100元（基础100元 + 效率0%）
2026-03-07 11:58:09 - 吃小鱼干，饥饿值+35，快乐值+10
2026-03-07 11:58:41 - 玩耍，快乐值+30
2026-03-07 11:58:45 - 玩耍，快乐值+30
2026-03-07 11:58:50 - 玩耍，快乐值+30
2026-03-07 11:58:58 - 吃猫粮，饥饿值+20
2026-03-07 11:59:02 - 吃猫粮，饥饿值+20
2026-03-07 11:59:07 - 吃猫粮，饥饿值+20
2026-03-07 11:59:11 - 吃猫粮，饥饿值+20
2026-03-07 11:59:14 - 猫咪开始睡觉
2026-03-07 11:59:28 - 开始学习: physics
2026-03-07 11:59:38 - 学习完成，physics +1级
2026-03-07 11:59:46 - 开始学习: chemistry
2026-03-07 11:59:56 - 学习完成，chemistry +1级
2026-03-07 12:00:02 - 开始学习: math
2026-03-07 12:00:12 - 学习完成，math +1级
2026-03-07 12:00:17 - 开始学习: english
2026-03-07 12:00:27 - 学习完成，english +1级
2026-03-07 12:00:32 - 开始学习: chinese
2026-03-07 12:00:42 - 学习完成，chinese +1级
2026-03-07 12:00:47 - 开始学习: physics
2026-03-07 12:00:57 - 学习完成，physics +1级
2026-03-07 12:00:59 - 开始学习: physics
2026-03-07 12:01:09 - 学习完成，physics +1级
2026-03-07 12:01:16 - 猫咪醒来
2026-03-07 12:01:21 - 吃猫粮，饥饿值+20
2026-03-07 12:01:23 - 猫咪开始睡觉
2026-03-07 12:02:30 - 开始打工
2026-03-07 12:02:34 - 猫咪开始睡觉
2026-03-07 12:02:40 - 打工结束，获得100元（基础100元 + 效率0%）
2026-03-07 12:02:43 - 猫咪醒来
2026-03-07 12:02:44 - 猫咪开始睡觉
2026-03-07 12:02:45 - 猫咪醒来
2026-03-07 12:02:47 - 开始打工
2026-03-07 12:02:57 - 打工结束，获得100元（基础100元 + 效率0%）
2026-03-07 12:03:03 - 猫咪开始睡觉
2026-03-07 12:03:04 - 猫咪醒来
2026-03-07 12:03:08 - 喝牛奶，饥饿+5，口渴+25，快乐+3，清洁+2
2026-03-07 12:03:16 - 开始给猫咪洗澡
2026-03-07 12:03:38 - 开始学习: physics
2026-03-07 12:03:48 - 学习完成，physics +1级
2026-03-07 12:03:52 - 开始学习: physics
2026-03-07 12:04:02 - 学习完成，physics +1级
2026-03-07 12:04:06 - 开始学习: physics
2026-03-07 12:04:16 - 学习完成，physics +1级
2026-03-07 12:04:18 - 开始学习: physics
2026-03-07 12:04:28 - 学习完成，physics +1级
2026-03-07 12:04:32 - 开始学习: physics
2026-03-07 12:04:42 - 学习完成，physics +1级
2026-03-07 12:04:46 - 开始学习: physics
2026-03-07 12:04:56 - 学习完成，physics +1级
2026-03-07 12:05:00 - 开始学习: physics
2026-03-07 12:05:10 - 学习完成，physics +1级
2026-03-07 12:05:29 - 开始学习: math
2026-03-07 12:05:39 - 学习完成，math +1级
2026-03-07 12:06:03 - 猫咪洗完澡了
2026-03-07 12:06:56 - 吃小鱼干，饥饿值+35，快乐值+10
2026-03-07 12:07:01 - 吃小鱼干，饥饿值+35，快乐值+10
2026-03-07 12:07:06 - 吃小鱼干，饥饿值+35，快乐值+10
2026-03-07 12:07:12 - 玩耍，快乐值+30
2026-03-07 12:07:17 - 玩耍，快乐值+30
2026-03-07 12:07:21 - 玩耍，快乐值+30
2026-03-07 12:07:25 - 开始学习: chemistry
2026-03-07 12:07:25 - 喝牛奶，饥饿+5，口渴+25，快乐+3，清洁+2
2026-03-07 12:07:33 - 喝牛奶，饥饿+5，口渴+25，快乐+3，清洁+2
2026-03-07 12:07:35 - 学习完成，chemistry +1级
2026-03-07 12:07:35 - 开始打工
2026-03-07 12:07:38 - 喝牛奶，饥饿+5，口渴+25，快乐+3，清洁+2
2026-03-07 12:07:45 - 打工结束，获得100元（基础100元 + 效率0%）
2026-03-07 12:07:48 - 开始打工
2026-03-07 12:07:50 - 喝牛奶，饥饿+5，口渴+25，快乐+3，清洁+2
2026-03-07 12:07:58 - 打工结束，获得100元（基础100元 + 效率0%）
2026-03-07 12:07:59 - 猫咪开始睡觉
2026-03-07 12:07:59 - 猫咪醒来
2026-03-07 12:08:01 - 猫咪开始睡觉
2026-03-07 12:08:02 - 猫咪醒来
2026-03-07 12:08:04 - 猫咪开始睡觉
2026-03-07 12:08:42 - 猫咪醒来
2026-03-07 12:08:53 - 开始打工
2026-03-07 12:09:03 - 打工结束，获得100元（基础100元 + 效率0%）
2026-03-07 12:09:10 - 开始打工
2026-03-07 12:09:20 - 打工结束，获得100元（基础100元 + 效率0%）
2026-03-07 12:10:25 - 猫咪开始睡觉
2026-03-07 12:13:47 - 猫咪自然醒来
2026-03-07 12:13:56 - 猫咪开始睡觉
2026-03-07 12:13:57 - 猫咪自然醒来
2026-03-07 12:14:38 - 猫咪开始睡觉
2026-03-07 12:14:40 - 猫咪自然醒来
2026-03-07 12:15:28 - 猫咪开始睡觉
2026-03-07 12:15:30 - 猫咪自然醒来
2026-03-07 12:15:33 - 猫咪开始睡觉
2026-03-07 12:15:34 - 猫咪自然醒来
2026-03-07 12:15:41 - 猫咪开始睡觉
2026-03-07 12:15:42 - 猫咪自然醒来
2026-03-07 12:15:47 - 猫咪开始睡觉
2026-03-07 12:15:50 - 猫咪自然醒来
2026-03-07 12:21:38 - 吃猫粮，饥饿值+20
2026-03-07 12:21:42 - 吃猫粮，饥饿值+20
2026-03-07 12:21:47 - 吃猫粮，饥饿值+20
2026-03-07 12:21:52 - 吃猫粮，饥饿值+20
2026-03-07 12:21:57 - 吃小鱼干，饥饿值+35，快乐值+10
2026-03-07 12:25:37 - 喝高级椰子水，饥饿+8，口渴+40，快乐+8，清洁+10，睡眠+5
2026-03-07 12:25:41 - 开始给猫咪洗澡
2026-03-07 12:26:15 - 猫咪洗完澡了
2026-03-07 12:29:34 - 喝可乐，饥饿+3，口渴+30，快乐+15，睡眠-5
2026-03-07 12:29:42 - 喝高级椰子水，饥饿+8，口渴+40，快乐+8，清洁+10，睡眠+5
2026-03-07 12:32:03 - 猫咪开始睡觉
2026-03-07 12:32:07 - 猫咪自然醒来
2026-03-07 12:32:07 - 猫咪开始睡觉
2026-03-07 12:32:08 - 猫咪自然醒来
2026-03-07 12:32:45 - 玩耍，快乐值+30
2026-03-07 12:32:45 - 抚摸猫咪，快乐值+10
2026-03-07 12:32:46 - 抚摸猫咪，快乐值+10
2026-03-07 12:32:47 - 抚摸猫咪，快乐值+10
2026-03-07 12:32:47 - 抚摸猫咪，快乐值+10
2026-03-07 12:32:47 - 抚摸猫咪，快乐值+10
2026-03-07 12:32:47 - 抚摸猫咪，快乐值+10
2026-03-07 12:32:47 - 抚摸猫咪，快乐值+10
2026-03-07 12:32:48 - 抚摸猫咪，快乐值+10
2026-03-07 12:32:48 - 抚摸猫咪，快乐值+10
2026-03-07 12:32:48 - 抚摸猫咪，快乐值+10
2026-03-07 12:32:48 - 抚摸猫咪，快乐值+10
2026-03-07 12:36:33 - 猫咪开始睡觉
2026-03-07 12:36:43 - 猫咪自然醒来
2026-03-07 12:48:14 - 吃猫粮，饥饿值+20
2026-03-07 13:12:02 - 开始给猫咪洗澡
2026-03-07 13:12:05 - 猫咪洗完澡了
2026-03-07 13:12:09 - 猫咪开始睡觉
2026-03-07 13:12:17 - 猫咪醒来
2026-03-07 13:12:27 - 猫咪开始睡觉
2026-03-07 13:12:43 - 猫咪自然醒来
2026-03-07 13:14:42 - 开始给猫咪洗澡
2026-03-07 13:14:53 - 猫咪洗完澡了
2026-03-07 13:17:24 - 开始学习: chemistry
2026-03-07 13:17:34 - 学习完成，chemistry +1级
2026-03-07 13:17:38 - 开始打工
2026-03-07 13:17:48 - 打工结束，获得100元（基础100元 + 效率0%）
2026-03-07 13:20:18 - 猫咪开始睡觉
2026-03-07 13:20:53 - 猫咪醒来
2026-03-07 13:20:58 - 吃猫粮，饥饿值+20
2026-03-07 13:21:03 - 吃小鱼干，饥饿值+35，快乐值+10
2026-03-07 13:21:10 - 喝牛奶，饥饿+5，口渴+25，快乐+3，清洁+2
2026-03-07 13:21:16 - 喝牛奶，饥饿+5，口渴+25，快乐+3，清洁+2
2026-03-07 13:21:22 - 玩耍，快乐值+30
2026-03-07 13:21:27 - 玩耍，快乐值+30
2026-03-07 13:21:31 - 猫咪开始睡觉
2026-03-07 13:22:33 - 猫咪醒来
2026-03-07 13:22:34 - 开始打工
2026-03-07 13:22:46 - 打工结束，获得100元（基础100元 + 效率0%）
2026-03-07 13:22:48 - 开始打工
2026-03-07 13:22:58 - 打工结束，获得100元（基础100元 + 效率0%）
2026-03-07 13:23:46 - 吃猫粮，饥饿值+20
2026-03-07 13:23:50 - 吃猫粮，饥饿值+20
2026-03-07 13:23:54 - 吃猫粮，饥饿值+20
2026-03-07 13:23:59 - 喝牛奶，饥饿+5，口渴+25，快乐+3，清洁+2
2026-03-07 13:24:20 - 猫咪开始睡觉
2026-03-07 13:25:50 - 猫咪醒来
2026-03-07 13:25:53 - 开始给猫咪洗澡
2026-03-07 13:26:33 - 猫咪洗完澡了
2026-03-07 13:26:41 - 猫咪开始睡觉
2026-03-07 13:26:48 - 猫咪醒来
2026-03-07 13:26:53 - 猫咪开始睡觉
2026-03-07 13:27:35 - 猫咪醒来
2026-03-07 13:27:43 - 喝牛奶，饥饿+5，口渴+25，快乐+3，清洁+2
2026-03-07 13:27:56 - 用逗猫棒玩耍，消耗1个，快乐值+30
2026-03-07 13:28:04 - 开始打工
2026-03-07 13:28:14 - 打工结束，获得100元（基础100元 + 效率0%）
2026-03-07 13:28:22 - 开始打工
2026-03-07 13:28:32 - 打工结束，获得100元（基础100元 + 效率0%）
2026-03-07 13:28:42 - 吃猫粮，饥饿值+20
2026-03-07 13:28:47 - 吃猫粮，饥饿值+20
2026-03-07 13:28:52 - 吃猫粮，饥饿值+20
2026-03-07 13:28:58 - 喝可乐，饥饿+3，口渴+30，快乐+15，睡眠-5
2026-03-07 13:29:03 - 喝牛奶，饥饿+5，口渴+25，快乐+3，清洁+2
2026-03-07 13:29:08 - 喝牛奶，饥饿+5，口渴+25，快乐+3，清洁+2
2026-03-07 13:29:11 - 猫咪开始睡觉
2026-03-07 13:30:37 - 用逗猫棒玩耍，消耗1个，快乐值+30
2026-03-07 13:30:37 - 开始给猫咪洗澡
2026-03-07 13:30:54 - 猫咪洗完澡了
2026-03-07 13:33:01 - 猫咪开始睡觉
2026-03-07 13:33:20 - 猫咪醒来
2026-03-07 13:33:25 - 猫咪开始睡觉
2026-03-07 13:34:28 - 猫咪自然醒来
2026-03-07 13:38:52 - 猫咪开始睡觉
2026-03-07 13:38:59 - 猫咪自然醒来
2026-03-07 13:38:59 - 猫咪开始睡觉
2026-03-07 13:39:03 - 猫咪自然醒来
2026-03-07 13:39:33 - 猫咪开始睡觉
2026-03-07 13:39:34 - 猫咪自然醒来
2026-03-07 13:39:45 - 猫咪开始睡觉
2026-03-07 13:39:47 - 猫咪自然醒来
2026-03-07 13:40:13 - 抚摸猫咪，快乐值+10
2026-03-07 13:40:13 - 抚摸猫咪，快乐值+10
2026-03-07 13:40:14 - 抚摸猫咪，快乐值+10
2026-03-07 13:40:14 - 抚摸猫咪，快乐值+10
2026-03-07 13:40:14 - 抚摸猫咪，快乐值+10
2026-03-07 13:40:14 - 抚摸猫咪，快乐值+10
2026-03-07 13:40:15 - 抚摸猫咪，快乐值+10
2026-03-07 13:40:15 - 抚摸猫咪，快乐值+10
2026-03-07 13:40:16 - 抚摸猫咪，快乐值+10
2026-03-07 13:40:16 - 抚摸猫咪，快乐值+10
2026-03-07 13:40:16 - 抚摸猫咪，快乐值+10
2026-03-07 13:40:16 - 抚摸猫咪，快乐值+10
2026-03-07 13:40:57 - 猫咪开始睡觉
2026-03-07 13:40:59 - 猫咪自然醒来
2026-03-07 13:41:05 - 猫咪开始睡觉
2026-03-07 13:41:08 - 猫咪自然醒来
2026-03-07 13:42:37 - 猫咪开始睡觉
2026-03-07 13:42:41 - 猫咪自然醒来
2026-03-07 13:42:44 - 抚摸猫咪，快乐值+10
2026-03-07 13:42:45 - 抚摸猫咪，快乐值+10
2026-03-07 13:42:45 - 抚摸猫咪，快乐值+10
2026-03-07 13:42:46 - 抚摸猫咪，快乐值+10
2026-03-07 13:42:46 - 抚摸猫咪，快乐值+10
2026-03-07 13:42:46 - 抚摸猫咪，快乐值+10
2026-03-07 13:42:47 - 抚摸猫咪，快乐值+10
2026-03-07 13:42:47 - 抚摸猫咪，快乐值+10
2026-03-07 13:43:01 - 猫咪开始睡觉
2026-03-07 13:43:02 - 猫咪自然醒来
2026-03-07 13:43:02 - 猫咪开始睡觉
2026-03-07 13:43:05 - 猫咪自然醒来
2026-03-07 13:43:10 - 开始给猫咪洗澡
2026-03-07 13:43:11 - 猫咪洗完澡了
2026-03-07 13:43:44 - 猫咪开始睡觉
2026-03-07 13:43:46 - 猫咪自然醒来
2026-03-07 13:43:46 - 猫咪开始睡觉
2026-03-07 13:43:47 - 猫咪自然醒来
2026-03-07 13:45:01 - 猫咪开始睡觉
2026-03-07 13:45:01 - 猫咪醒来
2026-03-07 13:45:03 - 猫咪开始睡觉
2026-03-07 13:45:06 - 猫咪自然醒来
2026-03-07 13:45:20 - 猫咪开始睡觉
2026-03-07 13:45:22 - 猫咪自然醒来
2026-03-07 13:46:54 - 猫咪开始睡觉
2026-03-07 13:46:55 - 猫咪自然醒来
2026-03-07 13:47:50 - 猫咪开始睡觉
2026-03-07 13:47:51 - 猫咪自然醒来
2026-03-07 13:48:45 - 吃猫粮，饥饿值+20
2026-03-07 13:50:19 - 开始打工
2026-03-07 13:50:29 - 打工结束，获得100元（基础100元 + 效率0%）
2026-03-07 13:50:42 - 开始学习: chemistry
2026-03-07 13:50:43 - 猫咪开始睡觉
2026-03-07 13:50:46 - 猫咪醒来
2026-03-07 13:50:52 - 学习完成，chemistry +1级
2026-03-07 13:50:53 - 猫咪自然醒来
2026-03-07 13:51:55 - 猫咪开始睡觉
2026-03-07 13:51:56 - 猫咪自然醒来
2026-03-07 13:51:56 - 猫咪自然醒来
2026-03-07 13:52:07 - 猫咪开始睡觉
2026-03-07 13:52:09 - 猫咪自然醒来
2026-03-07 13:53:25 - 猫咪开始睡觉
2026-03-07 13:53:26 - 猫咪自然醒来
2026-03-07 13:53:28 - 猫咪开始睡觉
2026-03-07 13:53:29 - 猫咪自然醒来
2026-03-07 13:53:36 - 猫咪开始睡觉
2026-03-07 13:53:38 - 猫咪自然醒来
2026-03-07 13:53:38 - 猫咪开始睡觉
2026-03-07 13:53:39 - 猫咪自然醒来
2026-03-07 13:53:39 - 猫咪开始睡觉
2026-03-07 13:53:41 - 猫咪自然醒来
2026-03-07 13:53:57 - 猫咪醒来（用户主动）
2026-03-07 13:54:00 - 猫咪开始睡觉
2026-03-07 13:54:21 - 猫咪醒来（用户主动）
2026-03-07 13:54:24 - 猫咪开始睡觉
2026-03-07 13:54:25 - 猫咪醒来（用户主动）
2026-03-07 13:59:03 - 猫咪开始睡觉
2026-03-07 13:59:14 - 猫咪醒来（用户主动）
2026-03-07 13:59:15 - 开始打工
2026-03-07 13:59:25 - 打工结束，获得100元（基础100元 + 效率0%）
2026-03-07 13:59:42 - 猫咪开始睡觉
2026-03-07 14:00:51 - 猫咪醒来（用户主动）
2026-03-07 14:00:54 - 猫咪开始睡觉
2026-03-07 14:01:46 - 猫咪自然醒来
2026-03-07 14:02:14 - 吃猫粮，饥饿值+20
2026-03-07 14:02:17 - 吃小鱼干，饥饿值+35，快乐值+10
2026-03-07 14:02:22 - 吃猫粮，饥饿值+20
2026-03-07 14:02:28 - 喝高级椰子水，饥饿+8，口渴+40，快乐+8，清洁+10，睡眠+5
2026-03-07 14:02:34 - 喝牛奶，饥饿+5，口渴+25，快乐+3，清洁+2
2026-03-07 14:03:29 - 猫咪开始睡觉
2026-03-07 14:03:30 - 猫咪自然醒来
2026-03-07 14:03:33 - 猫咪开始睡觉
2026-03-07 14:03:36 - 猫咪自然醒来
2026-03-07 14:04:08 - 猫咪开始睡觉
2026-03-07 14:04:09 - 猫咪自然醒来
2026-03-07 14:04:45 - 猫咪开始睡觉
2026-03-07 14:04:47 - 猫咪自然醒来
2026-03-07 14:05:14 - 开始打工
2026-03-07 14:05:24 - 打工结束，获得100元（基础100元 + 效率0%）
2026-03-07 14:05:27 - 开始打工
2026-03-07 14:05:37 - 打工结束，获得100元（基础100元 + 效率0%）
2026-03-07 14:05:40 - 开始打工
2026-03-07 14:05:50 - 打工结束，获得100元（基础100元 + 效率0%）
2026-03-07 14:06:01 - 猫咪开始睡觉
2026-03-07 14:08:44 - 猫咪自然醒来
2026-03-07 14:11:27 - 喝牛奶，饥饿+5，口渴+25，快乐+3，清洁+2
2026-03-07 14:11:28 - 开始给猫咪洗澡
2026-03-07 14:12:12 - 猫咪洗完澡了
2026-03-07 14:13:02 - 吃猫粮，饥饿值+20
2026-03-07 14:13:04 - 吃猫粮，饥饿值+20
2026-03-07 14:13:07 - 吃猫粮，饥饿值+20
2026-03-07 14:13:09 - 吃猫粮，饥饿值+20
2026-03-07 14:13:12 - 吃猫粮，饥饿值+20
2026-03-07 14:13:14 - 喝牛奶，饥饿+5，口渴+25，快乐+3，清洁+2
2026-03-07 14:13:18 - 喝牛奶，饥饿+5，口渴+25，快乐+3，清洁+2
2026-03-07 14:13:23 - 用逗猫棒玩耍，消耗1个，快乐值+30
2026-03-07 14:13:26 - 用逗猫棒玩耍，消耗1个，快乐值+30
2026-03-07 14:17:15 - 开始学习: chemistry
2026-03-07 14:17:25 - 学习完成，chemistry +1级
2026-03-07 14:17:35 - 开始打工
2026-03-07 14:17:45 - 打工结束，获得100元（基础100元 + 效率0%）
2026-03-07 14:22:18 - 抚摸猫咪，快乐值+10
2026-03-07 14:22:19 - 抚摸猫咪，快乐值+10
2026-03-07 14:22:23 - 抚摸猫咪，快乐值+10
2026-03-07 14:22:25 - 抚摸猫咪，快乐值+10
2026-03-07 14:22:26 - 抚摸猫咪，快乐值+10
2026-03-07 14:25:15 - 吃烤鸡腿，饥饿值+50，快乐值+15，口渴-5
2026-03-07 14:25:25 - 吃三文鱼寿司，饥饿值+45，快乐值+20，清洁+5
2026-03-07 14:30:33 - 喝牛奶，饥饿+5，口渴+25，快乐+3，清洁+2
2026-03-07 14:30:39 - 喝牛奶，饥饿+5，口渴+25，快乐+3，清洁+2
2026-03-07 14:31:19 - 玩毛线球，消耗1个，快乐值+25
2026-03-07 14:45:52 - 购买衣服：T恤
2026-03-07 15:03:12 - 喝魔法药水，所有数值大幅提升！
2026-03-07 15:03:17 - 猫咪开始睡觉
2026-03-07 15:03:32 - 猫咪自然醒来
2026-03-07 15:11:49 - 猫咪开始睡觉
2026-03-07 15:11:54 - 猫咪自然醒来
2026-03-08 13:25:27 - 吃烤鸡腿，饥饿值+50，快乐值+15，口渴-5
2026-03-08 13:26:18 - 猫咪开始睡觉
2026-03-08 13:30:45 - 抚摸猫咪，快乐值+10
2026-03-08 13:30:45 - 抚摸猫咪，快乐值+10
2026-03-08 13:30:45 - 抚摸猫咪，快乐值+10
2026-03-08 13:30:45 - 抚摸猫咪，快乐值+10
2026-03-08 13:30:45 - 抚摸猫咪，快乐值+10
2026-03-08 13:30:46 - 抚摸猫咪，快乐值+10
2026-03-08 13:30:50 - 抚摸猫咪，快乐值+10
2026-03-08 13:30:50 - 抚摸猫咪，快乐值+10
2026-03-08 13:30:50 - 抚摸猫咪，快乐值+10
2026-03-08 13:30:51 - 抚摸猫咪，快乐值+10
2026-03-08 13:30:51 - 抚摸猫咪，快乐值+10
2026-03-08 13:30:53 - 抚摸猫咪，快乐值+10
2026-03-08 13:30:54 - 抚摸猫咪，快乐值+10
2026-03-08 13:30:54 - 抚摸猫咪，快乐值+10
2026-03-08 13:30:54 - 抚摸猫咪，快乐值+10
2026-03-08 13:30:54 - 抚摸猫咪，快乐值+10
2026-03-08 13:31:08 - 吃波士顿龙虾，饥饿值+60，快乐值+30，口渴+20，清洁+10
2026-03-08 13:31:17 - 喝猫屎咖啡，饥饿+2，口渴+20，快乐+20，睡眠-15
2026-03-08 13:31:22 - 喝猫屎咖啡，饥饿+2，口渴+20，快乐+20，睡眠-15
2026-03-08 13:31:35 - 喝猫屎咖啡，饥饿+2，口渴+20，快乐+20，睡眠-15
2026-03-08 13:31:41 - 开始给猫咪洗澡
2026-03-08 13:32:27 - 猫咪洗完澡了
2026-03-08 13:32:35 - 猫咪开始睡觉
2026-03-08 13:34:56 - 猫咪开始睡觉
2026-03-08 13:39:16 - 抚摸猫咪，猫咪很开心
2026-03-08 13:39:17 - 抚摸猫咪，猫咪很开心
2026-03-08 13:39:20 - 抚摸猫咪，猫咪很开心
2026-03-08 13:39:34 - 喝牛奶，饥饿+5，口渴+25，快乐+3，清洁+2
2026-03-08 13:39:43 - 开始打工
2026-03-08 13:39:53 - 打工结束，获得100元，但生病了！
2026-03-08 13:39:55 - 抚摸猫咪，猫咪很开心
2026-03-08 13:39:59 - 去医院看病，花费500元，恢复健康！
2026-03-08 13:40:04 - 抚摸猫咪，猫咪很开心
2026-03-08 13:40:31 - 抚摸猫咪，猫咪很开心
2026-03-08 13:43:02 - 抚摸猫咪，猫咪很开心
2026-03-08 13:44:08 - 抚摸猫咪，猫咪很开心
2026-03-08 13:44:10 - 抚摸猫咪，猫咪很开心
2026-03-08 13:44:12 - 抚摸猫咪，猫咪很开心
2026-03-08 13:44:14 - 抚摸猫咪，猫咪很开心
2026-03-08 13:44:32 - 抚摸猫咪，猫咪很开心
2026-03-08 13:44:33 - 抚摸猫咪，猫咪很开心
2026-03-08 13:45:35 - 抚摸猫咪，猫咪很开心
2026-03-08 13:45:36 - 抚摸猫咪，猫咪很开心
2026-03-08 13:45:39 - 抚摸猫咪，猫咪很开心
2026-03-08 13:45:41 - 抚摸猫咪，猫咪很开心
2026-03-08 13:45:41 - 抚摸猫咪，猫咪很开心
2026-03-08 13:45:42 - 抚摸猫咪，猫咪很开心
2026-03-08 13:45:42 - 抚摸猫咪，猫咪很开心
2026-03-08 13:45:42 - 抚摸猫咪，猫咪很开心
2026-03-08 13:45:42 - 抚摸猫咪，猫咪很开心
2026-03-08 13:45:42 - 抚摸猫咪，猫咪很开心
2026-03-08 13:45:42 - 抚摸猫咪，猫咪很开心
2026-03-08 13:45:43 - 抚摸猫咪，猫咪很开心
2026-03-08 13:45:43 - 抚摸猫咪，猫咪很开心
2026-03-08 13:45:43 - 抚摸猫咪，猫咪很开心
2026-03-08 13:46:14 - 抚摸猫咪，猫咪很开心
2026-03-08 13:46:23 - 抚摸猫咪，猫咪很开心
2026-03-08 14:01:22 - 开始打工
2026-03-08 14:01:32 - 打工结束，获得100元，但生病了！
2026-03-08 14:02:00 - 去医院看病，花费500元，恢复健康！
2026-03-08 14:12:06 - 开始打工
2026-03-08 14:12:11 - 打工结束，获得100元，但生病了！
2026-03-08 14:13:29 - 吃猫粮，饥饿值+20
2026-03-08 14:13:32 - 去医院看病，花费500元，恢复健康！
2026-03-08 14:13:38 - 猫咪开始睡觉
2026-03-08 14:13:46 - 猫咪醒来（用户主动）
2026-03-08 14:13:51 - 喝牛奶，饥饿+5，口渴+25，快乐+3，清洁+2
2026-03-08 14:13:55 - 开始打工
2026-03-08 14:14:03 - 打工结束，获得100元（基础100元 + 效率0%）
2026-03-08 14:14:07 - 抚摸猫咪，猫咪很开心
2026-03-08 14:14:13 - 去医院看病，花费500元，恢复健康！
2026-03-08 14:16:25 - 猫咪开始睡觉
2026-03-08 14:16:43 - 猫咪醒来（用户主动）
2026-03-08 14:16:44 - 开始打工
2026-03-08 14:16:49 - 打工结束，获得100元（基础100元 + 效率0%）
2026-03-08 14:16:52 - 抚摸猫咪，快乐值+10
2026-03-08 14:17:04 - 吃猫粮，饥饿值+20
2026-03-08 14:17:07 - 猫咪开始睡觉
2026-03-08 14:17:27 - 猫咪醒来（用户主动）
2026-03-08 14:17:29 - 开始给猫咪洗澡
2026-03-08 14:17:39 - 开始学习: chemistry
2026-03-08 14:19:04 - 开始打工
2026-03-08 14:19:09 - 打工结束，获得100元（基础100元 + 效率0%）
2026-03-08 14:19:09 - 学习完成，chemistry +1级
2026-03-08 14:19:15 - 猫咪开始睡觉
2026-03-08 14:19:20 - 猫咪醒来（用户主动）
2026-03-08 14:19:23 - 开始学习: chinese
2026-03-08 14:22:56 - 学习完成，chinese +1级
2026-03-08 14:22:56 - 吃猫粮，饥饿值+20
2026-03-08 14:24:59 - 吃猫粮，饥饿值+20
2026-03-08 14:25:11 - 开始打工
2026-03-08 14:25:25 - 打工结束，获得100元（基础100元 + 效率0%）
2026-03-08 14:29:02 - 猫咪开始睡觉
2026-03-08 14:29:22 - 猫咪醒来（用户主动）
2026-03-08 14:29:37 - 猫咪开始睡觉
2026-03-08 14:29:41 - 猫咪醒来（用户主动）
2026-03-08 14:29:42 - 抚摸猫咪，快乐值+10
2026-03-08 14:29:43 - 抚摸猫咪，快乐值+10
2026-03-08 14:29:43 - 抚摸猫咪，猫咪很开心
2026-03-08 14:29:43 - 抚摸猫咪，猫咪很开心
2026-03-08 14:29:43 - 抚摸猫咪，猫咪很开心
2026-03-08 14:29:43 - 抚摸猫咪，猫咪很开心
2026-03-08 14:29:45 - 抚摸猫咪，猫咪很开心
2026-03-08 14:29:45 - 抚摸猫咪，猫咪很开心
2026-03-08 14:29:45 - 抚摸猫咪，猫咪很开心
2026-03-08 14:29:45 - 抚摸猫咪，猫咪很开心
2026-03-08 14:29:48 - 猫咪开始睡觉
2026-03-08 14:29:57 - 猫咪醒来（用户主动）
2026-03-08 14:30:55 - 猫咪开始睡觉
2026-03-08 14:32:33 - 猫咪醒来（用户主动）
2026-03-08 14:32:37 - 猫咪开始睡觉
2026-03-08 14:32:48 - 猫咪醒来（用户主动）
2026-03-08 14:35:59 - 喝高级椰子水，饥饿+8，口渴+40，快乐+8，清洁+10，睡眠+5
2026-03-08 14:38:16 - 喝高级椰子水，饥饿+8，口渴+40，快乐+8，清洁+10，睡眠+5
2026-03-08 14:43:19 - 开始打工
2026-03-08 14:43:27 - 打工结束，获得100元（基础100元 + 效率0%）
2026-03-08 14:43:31 - 开始打工
2026-03-08 14:43:36 - 打工结束，获得100元（基础100元 + 效率0%）
2026-03-09 14:55:45 - 抚摸猫咪，快乐值+10
2026-03-09 14:55:45 - 抚摸猫咪，快乐值+10
2026-03-09 14:55:46 - 抚摸猫咪，快乐值+10
2026-03-09 14:57:39 - 游戏重置
2026-03-09 15:06:23 - 开始打工
2026-03-09 15:06:28 - 打工结束，获得100元（基础100元 + 效率0%）
2026-03-09 15:06:32 - 开始学习: english
2026-03-09 15:06:37 - 学习完成，english +1级
2026-03-21 13:57:09 - 吃小鱼干，饥饿值+35，快乐值+10
2026-03-21 13:57:24 - 喝可乐，饥饿+3，口渴+30，快乐+15，睡眠-5
2026-03-21 14:02:02 - 猫咪开始睡觉
2026-03-21 14:03:24 - 猫咪醒来（用户主动）
2026-03-21 14:03:26 - 开始给猫咪洗澡
2026-03-21 14:03:49 - 猫咪洗完澡了
2026-03-21 14:09:28 - 吃猫粮，饥饿值+20
2026-03-21 14:12:45 - 喝可乐，饥饿+3，口渴+30，快乐+15，睡眠-5
2026-03-21 14:12:48 - 猫咪开始睡觉
2026-03-21 14:33:00 - 吃烤鸡腿，饥饿值+50，快乐值+15，口渴-5
2026-03-21 14:33:06 - 开始给猫咪洗澡
2026-03-22 10:23:51 - 吃小鱼干，饥饿值+35，快乐值+10
2026-03-22 10:23:56 - 吃小鱼干，饥饿值+35，快乐值+10
2026-03-22 10:24:05 - 玩毛线球，消耗1个，快乐值+25
2026-03-22 10:24:08 - 猫咪开始睡觉
2026-03-22 10:25:40 - 猫咪醒来（用户主动）
2026-03-22 10:25:54 - 喝高级椰子水，饥饿+8，口渴+40，快乐+8，清洁+10，睡眠+5
2026-03-22 10:25:59 - 开始给猫咪洗澡
2026-03-22 10:26:45 - 猫咪洗完澡了
2026-03-22 10:26:52 - 开始打工
2026-03-22 10:26:57 - 打工结束，获得100元（基础100元 + 效率0%）
2026-03-22 10:27:06 - 喝魔法药水，所有数值大幅提升！
2026-03-22 10:27:08 - 开始打工
2026-03-22 10:27:13 - 打工结束，获得100元（基础100元 + 效率0%）
2026-03-22 10:27:17 - 开始打工
2026-03-22 10:27:22 - 打工结束，获得100元（基础100元 + 效率0%）
2026-03-22 10:27:25 - 开始打工
2026-03-22 10:27:30 - 打工结束，获得100元（基础100元 + 效率0%）
2026-03-22 10:27:41 - 猫咪开始睡觉
2026-04-17 15:10:06 - 猫咪自然醒来
2026-05-10 12:25:01 - 吃小鱼干，饥饿值+35，快乐值+10
2026-05-10 12:25:08 - 喝高级椰子水，饥饿+8，口渴+40，快乐+8，清洁+10，睡眠+5
2026-05-10 12:25:11 - 开始给猫咪洗澡
2026-05-10 12:25:18 - 猫咪洗完澡了
2026-05-10 12:25:21 - 开始给猫咪洗澡
2026-05-10 12:25:28 - 猫咪开始睡觉
2026-05-10 14:29:58 - 开始学习: chinese
2026-05-10 14:35:14 - 吃小鱼干，饥饿值+35，快乐值+10
2026-05-10 14:35:18 - 开始给猫咪洗澡
2026-05-10 14:35:32 - 猫咪洗完澡了
2026-05-10 14:56:35 - 随机事件: 打翻水杯
2026-05-10 15:01:59 - 随机事件: 蝴蝶来访
2026-05-10 15:05:36 - 切换到房间: bedroom
2026-05-10 15:05:39 - 切换到房间: bathroom
2026-05-10 15:05:41 - 切换到房间: garden
2026-05-10 15:05:43 - 切换到房间: kitchen
2026-05-10 15:05:45 - 切换到房间: living_room
2026-05-10 15:05:47 - 随机事件: 意外零食
2026-05-10 15:06:00 - 切换到房间: bedroom
2026-05-10 15:06:01 - 切换到房间: living_room
2026-05-10 15:06:47 - 切换到房间: bedroom
2026-05-10 15:06:53 - 切换到房间: bathroom
2026-05-10 15:06:56 - 切换到房间: kitchen
2026-05-10 15:06:59 - 切换到房间: garden
2026-05-10 15:07:01 - 切换到房间: living_room
2026-05-10 15:07:03 - 抚摸猫咪，猫咪很开心
2026-05-10 15:07:04 - 抚摸猫咪，猫咪很开心
2026-05-10 15:07:05 - 抚摸猫咪，猫咪很开心
2026-05-10 15:07:05 - 抚摸猫咪，猫咪很开心
2026-05-10 15:07:05 - 抚摸猫咪，猫咪很开心
2026-05-10 15:07:05 - 抚摸猫咪，猫咪很开心
2026-05-10 15:07:05 - 抚摸猫咪，猫咪很开心
2026-05-10 15:07:06 - 抚摸猫咪，猫咪很开心
2026-05-10 15:07:13 - 切换到房间: bedroom
2026-05-10 15:07:13 - 切换到房间: living_room
2026-05-10 15:14:15 - 切换到房间: bedroom
2026-05-10 15:14:17 - 随机事件: 肚子不舒服
2026-05-10 15:14:31 - 随机事件: 奇怪的梦
2026-05-10 15:14:32 - 切换到房间: living_room
2026-05-10 15:14:34 - 切换到房间: bathroom
2026-05-10 15:14:35 - 切换到房间: garden
2026-05-10 15:14:35 - 切换到房间: kitchen
2026-05-10 15:14:36 - 切换到房间: living_room
2026-05-10 15:14:38 - 切换到房间: bathroom
2026-05-10 15:14:39 - 切换到房间: garden
2026-05-10 15:14:39 - 切换到房间: kitchen
2026-05-10 15:14:40 - 切换到房间: bathroom
2026-05-10 15:14:40 - 切换到房间: bedroom
2026-05-10 15:14:41 - 切换到房间: living_room
2026-05-10 15:14:46 - 切换到房间: bedroom
2026-05-10 15:14:49 - 切换到房间: bathroom
2026-05-10 15:14:49 - 切换到房间: garden
2026-05-10 15:14:49 - 切换到房间: kitchen
2026-05-10 15:14:51 - 切换到房间: bedroom
2026-05-10 15:15:33 - 切换到房间: garden
2026-05-10 15:16:48 - 切换到房间: garden
2026-05-10 15:17:05 - 切换到房间: living_room
2026-05-10 15:17:06 - 随机事件: 敲门声
2026-05-10 15:20:22 - 切换到房间: bedroom
2026-05-10 15:20:24 - 随机事件: 打翻水杯
2026-05-10 15:20:25 - 切换到房间: bathroom
2026-05-10 15:20:27 - 切换到房间: living_room
2026-05-10 15:20:31 - 随机事件: 鸟儿歌唱
2026-05-10 15:20:32 - 切换到房间: bedroom
2026-05-10 15:20:34 - 切换到房间: living_room
2026-05-10 15:20:35 - 切换到房间: bedroom
2026-05-10 15:20:52 - 切换到房间: kitchen
2026-05-10 15:20:55 - 切换到房间: garden
2026-05-10 15:20:56 - 切换到房间: bedroom
2026-05-10 15:21:03 - 切换到房间: living_room
2026-05-10 15:21:19 - 随机事件: 邻居串门
2026-05-10 15:21:21 - 切换到房间: bedroom
2026-05-10 15:21:23 - 切换到房间: living_room
2026-05-10 15:33:25 - 切换到房间: bedroom
2026-05-10 15:35:28 - 切换到房间: living_room
2026-05-10 15:35:32 - 切换到房间: bathroom
2026-05-10 15:35:51 - 切换到房间: bedroom
2026-05-10 15:35:56 - 切换到房间: living_room
2026-05-10 15:37:12 - 切换到房间: bedroom
2026-05-10 15:37:16 - 切换到房间: living_room
2026-05-10 15:37:18 - 切换到房间: bathroom
2026-05-10 15:37:19 - 切换到房间: garden
2026-05-10 15:37:19 - 切换到房间: kitchen
2026-05-10 15:37:20 - 切换到房间: garden
2026-05-10 15:37:23 - 切换到房间: living_room
2026-05-10 15:37:24 - 随机事件: 发现零钱
2026-05-10 15:37:25 - 切换到房间: bedroom
2026-05-10 15:37:27 - 随机事件: 意外零食
2026-05-10 15:37:59 - 切换到房间: living_room
2026-05-10 16:57:58 - 抚摸猫咪，猫咪很开心
2026-05-10 16:58:04 - 抚摸猫咪，猫咪很开心
2026-05-14 13:46:01 - 随机事件: 阳光午后
2026-05-14 13:46:56 - 随机事件: 敲门声
2026-05-14 13:49:00 - 随机事件: 打翻水杯
2026-05-14 13:50:41 - 随机事件: 突然巨响
2026-05-14 13:51:22 - 随机事件: 意外零食
2026-05-14 13:54:18 - 切换到房间: bedroom
2026-05-15 12:31:09 - 切换到房间: living_room
2026-05-15 12:31:21 - 切换到房间: kitchen
2026-05-15 12:31:29 - 切换到房间: garden
2026-05-15 12:31:34 - 切换到房间: bathroom
2026-05-15 12:31:36 - 开始给猫咪洗澡
2026-05-15 12:32:37 - 猫咪洗完澡了
2026-05-15 12:32:37 - 随机事件: 蝴蝶来访
2026-05-15 12:32:43 - 切换到房间: living_room
2026-05-15 14:29:19 - 吃三文鱼寿司，饥饿值+45，快乐值+20，清洁+5
2026-05-15 14:29:32 - 吃三文鱼寿司，饥饿值+45，快乐值+20，清洁+5
2026-05-15 14:29:38 - 喝能量饮料，饥饿+5，口渴+50，快乐+10，睡眠+10
2026-05-15 14:29:45 - 喝鲜榨橙汁，饥饿+5，口渴+35，快乐+12，清洁+5
2026-05-15 14:29:47 - 猫咪开始睡觉
2026-05-22 12:25:32 - 猫咪自然醒来
2026-05-22 12:25:32 - 随机事件: 敲门声
2026-05-22 12:25:42 - 吃猫粮，饥饿值+20
2026-05-22 12:25:47 - 喝猫屎咖啡，饥饿+2，口渴+20，快乐+20，睡眠-15
2026-05-22 12:26:10 - 切换到房间: bedroom
2026-05-22 12:26:11 - 切换到房间: bathroom
2026-05-22 12:26:13 - 切换到房间: garden
2026-05-22 12:26:16 - 切换到房间: kitchen
2026-05-22 12:26:18 - 切换到房间: living_room
2026-05-23 03:00:00 - 随机事件: 敲门声
2026-05-23 03:00:08 - 吃烤鸡腿，饥饿值+50，快乐值+15，口渴-5
2026-05-23 03:00:12 - 抚摸猫咪，快乐值+10
2026-05-23 03:00:17 - 喝可乐，饥饿+3，口渴+30，快乐+15，睡眠-5
2026-05-23 03:00:20 - 猫咪开始睡觉
2026-05-23 03:02:58 - 猫咪醒来（用户主动）
2026-05-23 03:03:02 - 开始给猫咪洗澡
2026-05-23 03:03:57 - 猫咪洗完澡了
2026-05-23 03:03:57 - 随机事件: 蝴蝶来访
2026-05-23 03:04:11 - 抚摸猫咪，猫咪很开心
2026-05-23 03:04:34 - 喝牛奶，饥饿+5，口渴+25，快乐+3，清洁+2
2026-05-23 03:04:36 - 切换到房间: bedroom
2026-05-23 03:04:39 - 切换到房间: bathroom
2026-05-23 03:04:40 - 切换到房间: garden
2026-05-23 03:04:54 - 猫咪开始睡觉
2026-05-23 03:04:59 - 猫咪醒来（用户主动）
2026-05-23 03:05:06 - 切换到房间: kitchen
2026-05-23 03:05:15 - 吃小鱼干，饥饿值+35，快乐值+10
2026-05-23 03:05:33 - 喝牛奶，饥饿+5，口渴+25，快乐+3，清洁+2
2026-05-23 03:05:41 - 切换到房间: living_room
2026-05-23 03:05:43 - 开始打工
2026-05-23 03:05:48 - 打工结束，获得100元，但生病了！
2026-05-23 03:05:52 - 去医院看病，花费500元，恢复健康！
2026-05-23 03:05:59 - 开始打工
2026-05-23 03:06:04 - 打工结束，获得100元（基础100元 + 效率0%）
2026-05-23 03:06:05 - 开始打工
2026-05-23 03:06:10 - 打工结束，获得100元（基础100元 + 效率0%）
2026-05-23 03:06:11 - 开始打工
2026-05-23 03:06:16 - 打工结束，获得100元（基础100元 + 效率0%）
2026-05-23 03:06:16 - 随机事件: 发现零钱
2026-05-23 03:06:25 - 切换到房间: bedroom
2026-05-23 03:06:27 - 切换到房间: bathroom
2026-05-23 03:06:28 - 切换到房间: garden
2026-05-23 03:06:30 - 切换到房间: kitchen
2026-05-23 03:06:36 - 切换到房间: living_room
2026-05-23 03:06:38 - 开始打工
2026-05-23 03:06:43 - 打工结束，获得100元（基础100元 + 效率0%）
2026-05-23 03:06:57 - 吃牛排大餐，饥饿值+70，快乐值+25，睡眠+10
2026-05-23 03:07:16 - 喝牛奶，饥饿+5，口渴+25，快乐+3，清洁+2
2026-05-23 03:07:17 - 开始打工
2026-05-23 03:07:22 - 打工结束，获得100元（基础100元 + 效率0%）
2026-05-23 03:08:00 - 喝牛奶，饥饿+5，口渴+25，快乐+3，清洁+2
2026-05-23 03:08:04 - 开始给猫咪洗澡
2026-05-23 03:08:37 - 猫咪洗完澡了
2026-05-23 03:08:37 - 随机事件: 突然巨响
2026-05-23 03:10:28 - 切换到房间: bedroom
2026-05-23 03:10:29 - 切换到房间: bathroom
2026-05-23 03:10:29 - 切换到房间: garden
2026-05-23 03:10:30 - 切换到房间: kitchen
2026-05-23 03:10:32 - 切换到房间: living_room
2026-05-23 03:10:41 - 切换到房间: bedroom
2026-05-23 03:10:44 - 切换到房间: bathroom
2026-05-23 03:10:47 - 切换到房间: garden
2026-05-23 03:10:48 - 切换到房间: kitchen
2026-05-23 03:12:35 - 切换到房间: garden
2026-05-23 03:12:36 - 切换到房间: kitchen
2026-05-23 03:12:37 - 切换到房间: bathroom
2026-05-23 03:12:37 - 切换到房间: kitchen
2026-05-23 03:12:49 - 切换到房间: bathroom
2026-05-23 03:12:51 - 切换到房间: garden
2026-05-23 03:12:54 - 切换到房间: kitchen
2026-05-23 03:13:00 - 切换到房间: living_room
2026-05-23 03:16:18 - 切换到房间: bedroom
2026-05-23 03:16:20 - 切换到房间: bathroom
2026-05-23 03:16:21 - 切换到房间: garden
2026-05-23 03:16:22 - 切换到房间: kitchen
2026-05-23 03:16:23 - 切换到房间: living_room
2026-05-23 03:17:01 - 切换到房间: bedroom
2026-05-23 03:17:03 - 随机事件: 阳光午后
2026-05-23 03:17:08 - 切换到房间: bathroom
2026-05-23 03:17:10 - 切换到房间: garden
2026-05-23 03:18:18 - 切换到房间: bathroom
2026-05-23 03:18:19 - 切换到房间: garden
2026-05-23 03:19:12 - 随机事件: 敲门声
2026-05-23 03:19:16 - 切换到房间: kitchen
2026-05-23 03:19:18 - 切换到房间: living_room
2026-05-23 03:19:42 - 切换到房间: garden
2026-05-23 03:19:43 - 切换到房间: living_room
2026-05-23 03:23:16 - 切换到房间: bedroom
2026-05-23 03:23:17 - 切换到房间: bathroom
2026-05-23 03:23:20 - 切换到房间: garden
2026-05-23 03:23:21 - 切换到房间: kitchen
2026-05-23 03:23:24 - 切换到房间: living_room
2026-05-23 03:24:18 - 切换到房间: garden
2026-05-23 03:24:29 - 切换到房间: kitchen
2026-05-23 03:24:36 - 切换到房间: bathroom
2026-05-23 03:24:41 - 切换到房间: bedroom
2026-05-23 03:24:42 - 切换到房间: living_room
2026-05-23 03:24:46 - 随机事件: 下雨了
2026-05-23 03:24:49 - 切换到房间: garden
2026-05-23 03:24:53 - 切换到房间: living_room
2026-05-23 03:25:00 - 喝鲜榨橙汁，饥饿+5，口渴+35，快乐+12，清洁+5
2026-05-23 03:26:16 - 随机事件: 鸟儿歌唱
2026-05-23 03:27:04 - 随机事件: 阳光午后
2026-05-23 03:27:09 - 切换到房间: bedroom
2026-05-23 03:27:09 - 切换到房间: bathroom
2026-05-23 03:27:19 - 随机事件: 蝴蝶来访
2026-05-23 03:27:25 - 切换到房间: bedroom
2026-05-23 03:27:41 - 切换到房间: bathroom
2026-05-23 03:27:41 - 切换到房间: garden
2026-05-23 03:27:42 - 随机事件: 发现零钱
2026-05-23 03:27:42 - 切换到房间: kitchen
2026-05-23 03:27:44 - 切换到房间: living_room
2026-05-23 03:27:44 - 切换到房间: bedroom
2026-05-23 03:28:38 - 随机事件: 意外零食
2026-05-23 03:29:23 - 随机事件: 奇怪的梦
2026-05-23 03:30:58 - 切换到房间: bedroom
2026-05-23 03:31:04 - 切换到房间: bathroom
2026-05-23 03:31:07 - 切换到房间: bedroom
2026-05-23 03:31:09 - 切换到房间: garden
2026-05-23 03:31:11 - 切换到房间: kitchen
2026-05-23 03:31:16 - 切换到房间: living_room
2026-05-23 03:31:19 - 切换到房间: bedroom
2026-05-23 03:31:20 - 切换到房间: living_room
2026-05-23 03:31:22 - 切换到房间: bedroom
2026-05-23 03:31:24 - 切换到房间: bathroom
2026-05-23 03:31:26 - 切换到房间: garden
2026-05-23 03:31:27 - 切换到房间: kitchen
2026-05-23 03:31:29 - 切换到房间: living_room
2026-05-23 03:32:14 - 切换到房间: bedroom
2026-05-23 03:32:16 - 切换到房间: bathroom
2026-05-23 03:32:18 - 切换到房间: garden
2026-05-23 03:32:21 - 切换到房间: kitchen
2026-05-23 03:32:24 - 切换到房间: living_room
2026-05-23 03:34:14 - 随机事件: 打翻水杯
2026-05-23 03:37:04 - 切换到房间: bedroom
2026-05-23 03:37:05 - 切换到房间: garden
2026-05-23 03:37:06 - 切换到房间: bathroom
2026-05-23 03:37:06 - 切换到房间: kitchen
2026-05-23 03:37:08 - 切换到房间: living_room
2026-05-23 03:55:03 - 随机事件: 奇怪的梦
2026-05-23 03:55:04 - 切换到房间: amusement_park
2026-05-23 03:55:45 - 游乐园抽奖：未中奖
2026-05-23 03:55:50 - 游乐园抽奖中奖：三文鱼寿司
2026-05-23 03:56:01 - 游乐园抽奖中奖：高级椰子水
2026-05-23 03:56:07 - 游乐园抽奖：未中奖
2026-05-23 03:56:11 - 游乐园抽奖：未中奖
2026-05-23 03:56:16 - 游乐园抽奖：未中奖
2026-05-23 03:56:20 - 游乐园抽奖中奖：羽毛棒
2026-05-23 03:56:32 - 游乐园抽奖：未中奖
2026-05-23 03:56:36 - 游乐园抽奖：未中奖
2026-05-23 03:56:41 - 游乐园抽奖中奖：羽毛棒
2026-05-23 03:57:01 - 游乐园抽奖：未中奖
2026-05-23 03:57:05 - 游乐园抽奖：未中奖
2026-05-23 03:57:10 - 游乐园抽奖中奖：睡衣
2026-05-23 03:57:25 - 切换到房间: living_room
2026-05-23 03:57:35 - 切换到房间: amusement_park
2026-05-23 03:57:37 - 游乐园抽奖中奖：黄金猫粮
2026-05-23 03:57:45 - 游乐园抽奖：未中奖
2026-05-23 03:57:49 - 游乐园抽奖：未中奖
2026-05-23 03:57:54 - 游乐园抽奖：未中奖
2026-05-23 03:57:59 - 游乐园抽奖：未中奖
2026-05-23 03:58:04 - 游乐园抽奖中奖：牛奶
2026-05-23 03:58:20 - 游乐园抽奖：未中奖
2026-05-23 03:58:24 - 游乐园抽奖中奖：连衣裙
2026-05-23 03:58:54 - 游乐园抽奖：未中奖
2026-05-23 03:58:59 - 游乐园抽奖：未中奖
2026-05-23 03:59:03 - 游乐园抽奖中奖：可乐
2026-05-23 03:59:17 - 游乐园抽奖中奖：海盗装
2026-05-23 03:59:47 - 游乐园抽奖：未中奖
2026-05-23 03:59:51 - 游乐园抽奖中奖：猫屎咖啡
2026-05-23 03:59:57 - 游乐园抽奖中奖：三文鱼寿司
2026-05-23 04:00:01 - 游乐园抽奖中奖：激光笔
2026-05-23 04:00:19 - 游乐园抽奖中奖：羽毛棒
2026-05-23 04:00:24 - 游乐园抽奖中奖：烤鸡腿
2026-05-23 04:00:28 - 游乐园抽奖：未中奖
2026-05-23 04:00:33 - 游乐园抽奖：未中奖
2026-05-23 04:00:37 - 游乐园抽奖：未中奖
2026-05-23 04:00:47 - 游乐园抽奖：未中奖
2026-05-23 04:00:51 - 游乐园抽奖中奖：黄金猫粮
2026-05-23 04:00:58 - 游乐园抽奖：未中奖
2026-05-23 04:01:03 - 游乐园抽奖：未中奖
2026-05-23 04:01:07 - 游乐园抽奖：未中奖
2026-05-23 04:01:11 - 游乐园抽奖：未中奖
2026-05-23 04:01:15 - 游乐园抽奖中奖：牛排大餐
2026-05-23 04:01:26 - 抚摸猫咪，猫咪很开心
2026-05-23 04:01:27 - 抚摸猫咪，猫咪很开心
2026-05-23 04:01:28 - 抚摸猫咪，猫咪很开心
2026-05-23 04:01:29 - 抚摸猫咪，猫咪很开心
2026-05-23 04:01:32 - 游乐园抽奖中奖：遥控无人机
2026-05-23 04:01:43 - 切换到房间: living_room
2026-05-23 04:01:51 - 切换到房间: amusement_park
2026-05-23 04:01:53 - 游乐园抽奖：未中奖
2026-05-23 04:01:57 - 游乐园抽奖中奖：可乐
2026-05-23 04:02:02 - 游乐园抽奖：未中奖
2026-05-23 04:02:06 - 游乐园抽奖：未中奖
2026-05-23 04:02:10 - 游乐园抽奖：未中奖
2026-05-23 04:02:14 - 游乐园抽奖：未中奖
2026-05-23 04:02:18 - 游乐园抽奖：未中奖
2026-05-23 04:02:22 - 游乐园抽奖中奖：可乐
2026-05-23 04:02:28 - 游乐园抽奖：未中奖
2026-05-23 04:02:32 - 游乐园抽奖：未中奖
2026-05-23 04:02:37 - 游乐园抽奖中奖：烤鸡腿
2026-05-23 04:02:42 - 游乐园抽奖：未中奖
2026-05-23 04:02:46 - 游乐园抽奖：未中奖
2026-05-23 04:02:50 - 游乐园抽奖：未中奖
2026-05-23 04:02:54 - 游乐园抽奖：未中奖
2026-05-23 04:02:58 - 游乐园抽奖中奖：猫粮
2026-05-23 04:03:10 - 游乐园抽奖：未中奖
2026-05-23 04:03:15 - 游乐园抽奖：未中奖
2026-05-23 04:03:20 - 游乐园抽奖中奖：毛线球
2026-05-23 04:03:27 - 游乐园抽奖中奖：VR眼镜
2026-05-23 04:03:39 - 切换到房间: living_room
2026-05-23 04:03:50 - 切换到房间: amusement_park
2026-05-23 04:03:53 - 游乐园抽奖中奖：逗猫棒
2026-05-23 04:03:59 - 游乐园抽奖：未中奖
2026-05-23 04:04:03 - 游乐园抽奖中奖：鲜榨橙汁
2026-05-23 04:04:10 - 游乐园抽奖：未中奖
2026-05-23 04:04:14 - 游乐园抽奖中奖：激光笔
2026-05-23 04:04:21 - 游乐园抽奖：未中奖
2026-05-23 04:04:25 - 游乐园抽奖中奖：毛衣
2026-05-23 04:04:49 - 游乐园抽奖中奖：魔法药水
2026-05-23 04:04:54 - 游乐园抽奖：未中奖
2026-05-23 04:04:58 - 游乐园抽奖：未中奖
2026-05-23 04:05:03 - 游乐园抽奖：未中奖
2026-05-23 04:05:07 - 游乐园抽奖中奖：能量饮料
2026-05-23 04:05:13 - 游乐园抽奖：未中奖
2026-05-23 04:05:18 - 游乐园抽奖中奖：波士顿龙虾
2026-05-23 04:05:24 - 游乐园抽奖：未中奖
2026-05-23 04:05:28 - 游乐园抽奖：未中奖
2026-05-23 04:05:32 - 游乐园抽奖：未中奖
2026-05-23 04:05:36 - 游乐园抽奖中奖：牛奶
2026-05-23 04:05:50 - 游乐园抽奖中奖：VR眼镜
2026-05-23 04:06:08 - 游乐园抽奖中奖：高级椰子水
2026-05-23 04:06:12 - 游乐园抽奖：未中奖
2026-05-23 04:06:16 - 游乐园抽奖中奖：能量饮料
2026-05-23 04:09:19 - 随机事件: 蝴蝶来访
2026-05-23 04:13:08 - 随机事件: 鸟儿歌唱
2026-05-23 04:19:31 - 跳蚤市场卖出：VR眼镜 x1，收入 10000 元
2026-05-23 04:20:03 - 跳蚤市场卖出：羽毛棒 x1，收入 100 元
2026-05-23 04:20:04 - 跳蚤市场卖出：羽毛棒 x1，收入 100 元
2026-05-23 04:20:14 - 跳蚤市场卖出：激光笔 x1，收入 250 元
2026-05-23 04:20:26 - 游乐园抽奖中奖：三文鱼寿司
2026-05-23 04:20:32 - 游乐园抽奖：未中奖
2026-05-23 04:20:37 - 游乐园抽奖：未中奖
2026-05-23 04:46:49 - 随机事件: 发现零钱
2026-05-23 05:04:32 - 随机事件: 敲门声
2026-05-23 11:50:42 - 随机事件: 阳光午后
2026-05-23 11:52:05 - 随机事件: 鸟儿歌唱
2026-05-23 11:53:26 - 随机事件: 蝴蝶来访
2026-05-23 11:56:17 - 随机事件: 奇怪的梦
2026-05-23 13:49:27 - 游乐园抽奖：未中奖
2026-05-23 13:49:34 - 抚摸猫咪，猫咪很开心
2026-05-23 13:49:36 - 游乐园抽奖：未中奖
2026-05-23 13:49:41 - 游乐园抽奖中奖：牛排大餐
2026-05-23 13:49:45 - 游乐园抽奖中奖：三文鱼寿司
2026-05-23 13:49:50 - 游乐园抽奖：未中奖
2026-05-23 13:49:54 - 游乐园抽奖中奖：激光笔
2026-05-23 13:49:58 - 游乐园抽奖中奖：三文鱼寿司
2026-05-23 13:50:02 - 游乐园抽奖中奖：猫屎咖啡
2026-05-23 13:50:06 - 游乐园抽奖：未中奖
2026-05-23 13:50:10 - 游乐园抽奖：未中奖
2026-05-23 13:50:15 - 游乐园抽奖中奖：三文鱼寿司
2026-05-23 13:50:19 - 游乐园抽奖：未中奖
2026-05-23 13:50:23 - 游乐园抽奖：未中奖
2026-05-23 13:50:27 - 游乐园抽奖：未中奖
2026-05-23 13:50:31 - 游乐园抽奖中奖：三文鱼寿司
2026-05-23 13:50:35 - 游乐园抽奖：未中奖
2026-05-23 13:50:39 - 游乐园抽奖中奖：猫屎咖啡
2026-05-23 13:50:43 - 游乐园抽奖中奖：烤鸡腿
2026-05-23 13:50:47 - 游乐园抽奖：未中奖
2026-05-23 13:50:51 - 游乐园抽奖：未中奖
2026-05-23 13:50:55 - 游乐园抽奖：未中奖
2026-05-23 13:50:59 - 游乐园抽奖：未中奖
2026-05-23 13:51:04 - 游乐园抽奖：未中奖
2026-05-23 13:51:10 - 游乐园抽奖中奖：高级椰子水
2026-05-23 13:51:30 - 游乐园抽奖中奖：波士顿龙虾
2026-05-23 13:51:35 - 游乐园抽奖：未中奖
2026-05-23 13:51:39 - 游乐园抽奖中奖：激光笔
2026-05-23 13:51:43 - 游乐园抽奖：未中奖
2026-05-23 13:51:47 - 游乐园抽奖：未中奖
2026-05-23 13:51:51 - 游乐园抽奖中奖：羽毛棒
2026-05-23 13:51:56 - 游乐园抽奖：未中奖
2026-05-23 13:52:00 - 游乐园抽奖中奖：三文鱼寿司
2026-05-23 13:52:04 - 游乐园抽奖：未中奖
2026-05-23 13:52:08 - 游乐园抽奖中奖：魔法药水
2026-05-23 13:52:13 - 游乐园抽奖：未中奖
2026-05-23 13:52:17 - 游乐园抽奖：未中奖
2026-05-23 13:52:21 - 游乐园抽奖中奖：逗猫棒
2026-05-23 13:52:26 - 游乐园抽奖中奖：忍者装
2026-05-23 13:53:03 - 游乐园抽奖：未中奖
2026-05-23 13:53:07 - 游乐园抽奖中奖：毛线球
2026-05-23 13:53:11 - 游乐园抽奖中奖：波士顿龙虾
2026-05-23 13:53:16 - 游乐园抽奖中奖：能量饮料
2026-05-23 13:53:20 - 游乐园抽奖：未中奖
2026-05-23 13:53:24 - 游乐园抽奖中奖：烤鸡腿
2026-05-23 13:53:28 - 游乐园抽奖：未中奖
2026-05-23 13:53:32 - 游乐园抽奖中奖：猫粮
2026-05-23 13:53:36 - 游乐园抽奖中奖：高级椰子水
2026-05-23 13:53:41 - 游乐园抽奖：未中奖
2026-05-23 13:53:44 - 游乐园抽奖：未中奖
2026-05-23 13:53:48 - 游乐园抽奖中奖：可乐
2026-05-23 13:53:53 - 游乐园抽奖：未中奖
2026-05-23 13:53:57 - 游乐园抽奖：未中奖
2026-05-23 13:54:01 - 游乐园抽奖中奖：遥控无人机
2026-05-23 13:54:12 - 跳蚤市场卖出：遥控无人机 x1，收入 2500 元
2026-05-23 13:54:16 - 跳蚤市场卖出：激光笔 x1，收入 250 元
2026-05-23 13:54:17 - 跳蚤市场卖出：激光笔 x1，收入 250 元
2026-05-23 13:54:20 - 游乐园抽奖中奖：烤鸡腿
2026-05-23 13:54:24 - 游乐园抽奖中奖：羽毛棒
2026-05-23 13:55:14 - 游乐园抽奖中奖：波士顿龙虾
2026-05-23 13:55:18 - 游乐园抽奖：未中奖
2026-05-23 13:55:22 - 游乐园抽奖：未中奖
2026-05-23 13:55:26 - 游乐园抽奖中奖：牛奶
2026-05-23 13:55:30 - 游乐园抽奖中奖：高级椰子水
2026-05-23 13:55:34 - 游乐园抽奖中奖：牛排大餐
2026-05-23 13:55:38 - 游乐园抽奖：未中奖
2026-05-23 13:55:42 - 游乐园抽奖：未中奖
2026-05-23 13:55:46 - 游乐园抽奖：未中奖
2026-05-23 13:55:50 - 游乐园抽奖中奖：毛线球
2026-05-23 13:56:10 - 游乐园抽奖：未中奖
2026-05-23 13:59:03 - 游乐园抽奖：未中奖
2026-05-23 13:59:08 - 游乐园抽奖中奖：激光笔
2026-05-23 13:59:12 - 游乐园抽奖：未中奖
2026-05-23 13:59:17 - 游乐园抽奖中奖：烤鸡腿
2026-05-23 13:59:21 - 游乐园抽奖：未中奖
2026-05-23 13:59:25 - 游乐园抽奖中奖：可乐
2026-05-23 13:59:30 - 游乐园抽奖中奖：逗猫棒
2026-05-23 13:59:35 - 游乐园抽奖中奖：超人披风
2026-05-23 14:02:05 - 游乐园抽奖中奖：鲜榨橙汁
2026-05-23 14:02:09 - 游乐园抽奖中奖：猫粮
2026-05-23 14:02:14 - 游乐园抽奖中奖：小鱼干
2026-05-23 14:02:29 - 随机事件: 敲门声
2026-05-23 14:05:44 - 随机事件: 打翻水杯
2026-05-23 14:05:49 - 游乐园抽奖中奖：黄金猫粮
2026-05-23 14:05:54 - 游乐园抽奖中奖：猫屎咖啡
2026-05-23 14:05:58 - 游乐园抽奖中奖：猫粮
2026-05-23 14:06:02 - 游乐园抽奖中奖：羽毛棒
2026-05-23 14:06:06 - 游乐园抽奖：未中奖
2026-05-23 14:06:10 - 游乐园抽奖中奖：VR眼镜
2026-05-23 14:06:15 - 游乐园抽奖中奖：VR眼镜
2026-05-23 14:06:19 - 游乐园抽奖中奖：黄金猫粮
2026-05-23 14:06:23 - 游乐园抽奖中奖：羽毛棒
2026-05-23 14:06:31 - 跳蚤市场卖出：VR眼镜 x1，收入 10000 元
2026-05-23 14:06:32 - 跳蚤市场卖出：VR眼镜 x1，收入 10000 元
2026-05-23 14:06:34 - 跳蚤市场卖出：激光笔 x1，收入 250 元
2026-05-23 14:06:36 - 跳蚤市场卖出：黄金猫粮 x1，收入 250 元
2026-05-23 14:06:36 - 跳蚤市场卖出：黄金猫粮 x1，收入 250 元
2026-05-23 14:06:37 - 跳蚤市场卖出：黄金猫粮 x1，收入 250 元
2026-05-23 14:06:38 - 跳蚤市场卖出：魔法药水 x1，收入 150 元
2026-05-23 14:29:08 - 随机事件: 意外零食
2026-05-23 14:32:48 - 随机事件: 下雨了
2026-05-23 14:40:32 - 随机事件: 突然巨响
2026-05-23 14:40:35 - 游乐园抽奖中奖：猫粮
2026-05-23 14:40:39 - 游乐园抽奖中奖：可乐
2026-05-23 14:40:43 - 游乐园抽奖中奖：高级椰子水
2026-05-23 14:40:47 - 游乐园抽奖中奖：鲜榨橙汁
2026-05-23 14:41:21 - 抚摸猫咪，猫咪很开心
2026-05-23 14:41:22 - 抚摸猫咪，猫咪很开心
2026-05-23 14:41:22 - 抚摸猫咪，猫咪很开心
2026-05-23 14:41:23 - 抚摸猫咪，猫咪很开心
2026-05-23 14:41:23 - 抚摸猫咪，猫咪很开心
2026-05-23 14:41:24 - 抚摸猫咪，猫咪很开心
2026-05-23 14:41:24 - 抚摸猫咪，猫咪很开心
2026-05-23 14:41:24 - 抚摸猫咪，猫咪很开心
2026-05-23 14:41:24 - 抚摸猫咪，猫咪很开心
2026-05-23 14:41:24 - 抚摸猫咪，猫咪很开心
2026-05-23 14:41:25 - 抚摸猫咪，猫咪很开心
2026-05-23 14:41:25 - 抚摸猫咪，猫咪很开心
2026-05-23 14:41:25 - 抚摸猫咪，猫咪很开心
2026-05-23 14:41:25 - 抚摸猫咪，猫咪很开心
2026-05-23 14:41:25 - 抚摸猫咪，猫咪很开心
2026-05-23 14:41:29 - 抚摸猫咪，猫咪很开心
2026-05-23 15:20:42 - 随机事件: 弄乱房间
2026-05-23 15:41:04 - 游乐园抽奖中奖：小鱼干
2026-05-23 15:41:08 - 游乐园抽奖中奖：波士顿龙虾
2026-05-23 15:41:13 - 游乐园抽奖中奖：牛奶
2026-05-23 15:41:18 - 游乐园抽奖：未中奖
2026-05-23 15:41:22 - 游乐园抽奖中奖：西装
2026-05-23 15:41:28 - 游乐园抽奖中奖：牛奶
2026-05-23 15:41:33 - 游乐园抽奖中奖：波士顿龙虾
2026-05-23 15:41:38 - 游乐园抽奖中奖：波士顿龙虾
2026-05-23 15:41:42 - 游乐园抽奖中奖：魔法药水
2026-05-23 15:41:47 - 游乐园抽奖：未中奖
2026-05-23 15:41:52 - 游乐园抽奖中奖：牛奶
2026-05-23 15:42:31 - 游乐园抽奖：未中奖
2026-05-23 15:43:10 - 游乐园抽奖：未中奖
2026-05-24 04:13:16 - 随机事件: 鸟儿歌唱
2026-05-24 04:13:21 - 游乐园抽奖：未中奖
2026-05-24 04:13:25 - 游乐园抽奖：未中奖
2026-05-24 04:13:29 - 游乐园抽奖中奖：可乐
2026-05-24 04:13:33 - 游乐园抽奖：未中奖
2026-05-24 04:13:37 - 游乐园抽奖中奖：三文鱼寿司
2026-05-24 04:13:41 - 游乐园抽奖：未中奖
2026-05-24 04:13:45 - 游乐园抽奖：未中奖
2026-05-24 04:13:53 - 游乐园抽奖：未中奖
2026-05-24 04:13:57 - 游乐园抽奖：未中奖
2026-05-24 04:14:01 - 游乐园抽奖中奖：遥控无人机
2026-05-24 04:14:06 - 游乐园抽奖中奖：波士顿龙虾
2026-05-24 04:14:11 - 游乐园抽奖：未中奖
2026-05-24 04:14:14 - 游乐园抽奖：未中奖
2026-05-24 04:14:18 - 游乐园抽奖：未中奖
2026-05-24 04:14:22 - 游乐园抽奖中奖：毛线球
2026-05-24 04:14:27 - 游乐园抽奖中奖：波士顿龙虾
2026-05-24 04:14:31 - 游乐园抽奖中奖：魔法药水
2026-05-24 04:14:35 - 游乐园抽奖中奖：能量饮料
2026-05-24 04:14:39 - 游乐园抽奖中奖：波士顿龙虾
2026-05-24 04:14:43 - 游乐园抽奖：未中奖
2026-05-24 04:14:48 - 游乐园抽奖：未中奖
2026-05-24 04:15:00 - 切换到房间: living_room
2026-05-24 04:15:30 - 切换到房间: amusement_park
2026-05-24 04:15:35 - 抚摸猫咪，快乐值+10
2026-05-24 04:15:39 - 抚摸猫咪，猫咪很开心
2026-05-24 04:15:39 - 抚摸猫咪，猫咪很开心
2026-05-24 04:15:40 - 抚摸猫咪，猫咪很开心
2026-05-24 04:15:41 - 抚摸猫咪，猫咪很开心
2026-05-24 04:15:42 - 抚摸猫咪，猫咪很开心
2026-05-24 04:15:43 - 抚摸猫咪，猫咪很开心
2026-05-24 04:15:43 - 抚摸猫咪，猫咪很开心
2026-05-24 04:15:57 - 跳蚤市场卖出：猫屎咖啡 x1，收入 25 元
2026-05-24 04:15:58 - 跳蚤市场卖出：猫屎咖啡 x1，收入 25 元
2026-05-24 04:16:04 - 跳蚤市场卖出：毛线球 x1，收入 50 元
2026-05-24 04:16:06 - 跳蚤市场卖出：羽毛棒 x1，收入 100 元
2026-05-24 04:16:06 - 跳蚤市场卖出：羽毛棒 x1，收入 100 元
2026-05-24 04:16:07 - 跳蚤市场卖出：羽毛棒 x1，收入 100 元
2026-05-24 04:16:12 - 跳蚤市场卖出：波士顿龙虾 x1，收入 100 元
2026-05-24 04:16:13 - 跳蚤市场卖出：波士顿龙虾 x1，收入 100 元
2026-05-24 04:16:13 - 跳蚤市场卖出：波士顿龙虾 x1，收入 100 元
2026-05-24 04:16:13 - 跳蚤市场卖出：波士顿龙虾 x1，收入 100 元
2026-05-24 04:16:14 - 跳蚤市场卖出：波士顿龙虾 x1，收入 100 元
2026-05-24 04:16:27 - 游乐园抽奖中奖：高级椰子水
2026-05-24 04:16:32 - 游乐园抽奖：未中奖
2026-05-24 04:16:36 - 游乐园抽奖中奖：毛线球
2026-05-24 04:16:42 - 游乐园抽奖中奖：高级椰子水
2026-05-24 04:16:46 - 游乐园抽奖中奖：羽毛棒
2026-05-24 04:16:51 - 游乐园抽奖中奖：牛奶
2026-05-24 04:16:56 - 游乐园抽奖：未中奖
2026-05-24 04:17:01 - 游乐园抽奖：未中奖
2026-05-24 04:17:06 - 游乐园抽奖中奖：黄金猫粮
2026-05-24 04:17:12 - 游乐园抽奖：未中奖
2026-05-24 04:17:16 - 游乐园抽奖中奖：毛线球
2026-05-24 04:17:21 - 游乐园抽奖：未中奖
2026-05-24 04:17:25 - 游乐园抽奖中奖：三文鱼寿司
2026-05-24 04:17:31 - 游乐园抽奖：未中奖
2026-05-24 04:17:36 - 游乐园抽奖：未中奖
2026-05-24 04:17:41 - 游乐园抽奖：未中奖
2026-05-24 04:17:54 - 游乐园抽奖：未中奖
2026-05-24 04:18:01 - 游乐园抽奖：未中奖
2026-05-24 04:18:07 - 游乐园抽奖：未中奖
2026-05-24 04:18:12 - 游乐园抽奖中奖：猫粮
2026-05-24 04:18:19 - 游乐园抽奖：未中奖
2026-05-24 04:18:24 - 游乐园抽奖：未中奖
2026-05-24 04:18:29 - 游乐园抽奖中奖：魔法药水
2026-05-24 04:18:34 - 游乐园抽奖中奖：羽毛棒
2026-05-24 04:18:39 - 游乐园抽奖：未中奖
2026-05-24 04:18:43 - 游乐园抽奖中奖：猫粮
2026-05-24 04:18:48 - 游乐园抽奖中奖：黄金猫粮
2026-05-24 04:18:55 - 游乐园抽奖：未中奖
2026-05-24 04:19:00 - 游乐园抽奖中奖：逗猫棒
2026-05-24 04:19:06 - 游乐园抽奖：未中奖
2026-05-24 04:19:10 - 游乐园抽奖：未中奖
2026-05-24 04:19:15 - 游乐园抽奖中奖：能量饮料
2026-05-24 04:19:33 - 跳蚤市场卖出：羽毛棒 x1，收入 100 元
2026-05-24 04:19:34 - 跳蚤市场卖出：羽毛棒 x1，收入 100 元
2026-05-24 04:19:38 - 跳蚤市场卖出：魔法药水 x1，收入 150 元
2026-05-24 04:19:48 - 跳蚤市场卖出：遥控无人机 x1，收入 2500 元
2026-05-24 04:19:55 - 跳蚤市场卖出：猫粮 x1，收入 1 元
2026-05-24 04:19:56 - 跳蚤市场卖出：猫粮 x1，收入 1 元
2026-05-24 04:19:56 - 跳蚤市场卖出：猫粮 x1，收入 1 元
2026-05-24 04:19:58 - 跳蚤市场卖出：牛奶 x1，收入 1 元
2026-05-24 04:19:58 - 跳蚤市场卖出：牛奶 x1，收入 1 元
2026-05-24 04:20:00 - 跳蚤市场卖出：可乐 x1，收入 2 元
2026-05-24 04:20:00 - 跳蚤市场卖出：可乐 x1，收入 2 元
2026-05-24 04:20:02 - 跳蚤市场卖出：高级椰子水 x1，收入 5 元
2026-05-24 04:20:03 - 跳蚤市场卖出：高级椰子水 x1，收入 5 元
2026-05-24 04:20:03 - 跳蚤市场卖出：高级椰子水 x1，收入 5 元
2026-05-24 04:20:12 - 跳蚤市场卖出：烤鸡腿 x1，收入 12 元
2026-05-24 04:20:17 - 跳蚤市场卖出：三文鱼寿司 x1，收入 20 元
2026-05-24 04:20:17 - 跳蚤市场卖出：三文鱼寿司 x1，收入 20 元
2026-05-24 04:20:18 - 跳蚤市场卖出：三文鱼寿司 x1，收入 20 元
2026-05-24 04:20:18 - 跳蚤市场卖出：三文鱼寿司 x1，收入 20 元
2026-05-24 04:20:19 - 跳蚤市场卖出：三文鱼寿司 x1，收入 20 元
2026-05-24 04:20:20 - 跳蚤市场卖出：三文鱼寿司 x1，收入 20 元
2026-05-24 04:20:37 - 游乐园抽奖：未中奖
2026-05-24 04:20:42 - 游乐园抽奖：未中奖
2026-05-24 04:20:46 - 游乐园抽奖：未中奖
2026-05-24 04:20:51 - 游乐园抽奖中奖：激光笔
2026-05-24 04:20:58 - 游乐园抽奖中奖：魔法药水
2026-05-24 04:21:03 - 游乐园抽奖中奖：猫粮
2026-05-24 04:21:09 - 游乐园抽奖：未中奖
2026-05-24 04:21:13 - 游乐园抽奖：未中奖
2026-05-24 04:21:25 - 游乐园抽奖中奖：烤鸡腿
2026-05-24 04:21:30 - 游乐园抽奖中奖：小鱼干
2026-05-24 04:21:34 - 游乐园抽奖中奖：牛排大餐
2026-05-24 05:14:53 - 游乐园抽奖中奖：逗猫棒
2026-05-24 05:14:58 - 游乐园抽奖：未中奖
2026-05-24 05:15:02 - 游乐园抽奖中奖：高级椰子水
2026-05-24 05:15:06 - 游乐园抽奖：未中奖
2026-05-24 05:39:20 - 随机事件: 下雨了
2026-05-24 05:39:28 - 切换到房间: kitchen
2026-05-24 05:39:37 - 吃波士顿龙虾，饥饿值+60，快乐值+30，口渴+20，清洁+10
2026-05-24 05:39:44 - 喝猫屎咖啡，饥饿+2，口渴+20，快乐+20，睡眠-15
2026-05-24 05:40:01 - 切换到房间: amusement_park
2026-05-24 05:40:03 - 游乐园抽奖：未中奖
2026-05-24 05:40:07 - 游乐园抽奖中奖：羽毛棒
2026-05-24 05:40:12 - 游乐园抽奖中奖：高级椰子水
2026-05-24 05:40:17 - 游乐园抽奖：未中奖
2026-05-24 05:40:22 - 游乐园抽奖中奖：猫粮
2026-05-24 05:40:27 - 游乐园抽奖：未中奖
2026-05-24 05:40:31 - 游乐园抽奖：未中奖
2026-05-24 05:40:35 - 游乐园抽奖中奖：黄金猫粮
2026-05-24 05:40:41 - 游乐园抽奖：未中奖
2026-05-24 05:40:45 - 游乐园抽奖中奖：魔法药水
2026-05-24 05:41:49 - 游乐园抽奖中奖：魔法药水
2026-05-24 05:41:56 - 游乐园抽奖：未中奖
2026-05-24 05:42:00 - 游乐园抽奖中奖：黄金猫粮
2026-05-24 05:42:05 - 游乐园抽奖：未中奖
2026-05-24 05:42:09 - 游乐园抽奖：未中奖
2026-05-24 05:42:15 - 游乐园抽奖：未中奖
2026-05-24 05:42:20 - 游乐园抽奖中奖：波士顿龙虾
2026-05-24 05:42:26 - 游乐园抽奖中奖：可乐
2026-05-24 05:42:31 - 游乐园抽奖中奖：小鱼干
2026-05-24 05:42:35 - 游乐园抽奖中奖：毛线球
2026-05-24 05:42:42 - 游乐园抽奖：未中奖
2026-05-24 05:42:47 - 游乐园抽奖：未中奖
2026-05-24 05:43:01 - 跳蚤市场卖出：猫粮 x1，收入 1 元
2026-05-24 05:43:03 - 跳蚤市场卖出：猫粮 x1，收入 1 元
2026-05-24 05:43:03 - 跳蚤市场卖出：牛奶 x1，收入 1 元
2026-05-24 05:43:04 - 跳蚤市场卖出：可乐 x1，收入 2 元
2026-05-24 05:43:06 - 跳蚤市场卖出：高级椰子水 x1，收入 5 元
2026-05-24 05:43:06 - 跳蚤市场卖出：高级椰子水 x1，收入 5 元
2026-05-24 05:43:08 - 跳蚤市场卖出：小鱼干 x1，收入 5 元
2026-05-24 05:43:08 - 跳蚤市场卖出：鲜榨橙汁 x1，收入 10 元
2026-05-24 05:43:10 - 跳蚤市场卖出：烤鸡腿 x1，收入 12 元
2026-05-24 05:43:11 - 跳蚤市场卖出：三文鱼寿司 x1，收入 20 元
2026-05-24 05:43:14 - 跳蚤市场卖出：逗猫棒 x1，收入 25 元
2026-05-24 05:43:15 - 跳蚤市场卖出：猫屎咖啡 x1，收入 25 元
2026-05-24 05:43:17 - 跳蚤市场卖出：能量饮料 x1，收入 40 元
2026-05-24 05:43:18 - 跳蚤市场卖出：牛排大餐 x1，收入 40 元
2026-05-24 05:43:20 - 跳蚤市场卖出：毛线球 x1，收入 50 元
2026-05-24 05:43:21 - 跳蚤市场卖出：羽毛棒 x1，收入 100 元
2026-05-24 05:43:22 - 跳蚤市场卖出：波士顿龙虾 x1，收入 100 元
2026-05-24 05:43:24 - 跳蚤市场卖出：魔法药水 x1，收入 150 元
2026-05-24 05:43:25 - 跳蚤市场卖出：黄金猫粮 x1，收入 250 元
2026-05-24 05:43:27 - 跳蚤市场卖出：激光笔 x1，收入 250 元
2026-05-24 05:43:35 - 切换到房间: living_room
2026-05-24 05:44:53 - 切换到房间: amusement_park
2026-05-24 05:44:55 - 游乐园抽奖中奖：小鱼干
2026-05-24 05:45:00 - 游乐园抽奖：未中奖
2026-05-24 05:45:05 - 游乐园抽奖：未中奖
2026-05-24 05:45:12 - 切换到房间: living_room
2026-05-24 05:45:17 - 切换到房间: bedroom
2026-05-24 05:45:19 - 猫咪开始睡觉
2026-05-24 05:45:47 - 猫咪醒来（用户主动）
2026-05-24 05:45:51 - 猫咪开始睡觉
2026-05-24 05:46:09 - 猫咪醒来（用户主动）
2026-05-24 05:46:11 - 切换到房间: garden
2026-05-24 05:46:53 - 切换到房间: amusement_park
2026-05-24 05:47:11 - 游乐园抽奖：未中奖
2026-05-24 05:47:15 - 游乐园抽奖中奖：烤鸡腿
2026-05-24 05:47:20 - 游乐园抽奖中奖：波士顿龙虾
2026-05-24 05:48:28 - 游乐园抽奖中奖：可乐
2026-05-24 05:48:33 - 游乐园抽奖中奖：羽毛棒
2026-05-24 05:48:38 - 游乐园抽奖中奖：能量饮料
2026-05-24 05:48:42 - 游乐园抽奖中奖：能量饮料
2026-05-24 05:49:25 - 切换到房间: living_room
2026-05-24 05:49:27 - 切换到房间: bedroom
2026-05-24 05:49:29 - 切换到房间: bathroom
2026-05-24 05:49:31 - 切换到房间: garden
2026-05-24 05:49:37 - 切换到房间: kitchen
2026-05-24 05:49:50 - 喝高级椰子水，饥饿+8，口渴+40，快乐+8，清洁+10，睡眠+5
2026-05-24 05:49:56 - 切换到房间: bathroom
2026-05-24 05:50:12 - 开始给猫咪洗澡
2026-05-24 05:52:17 - 猫咪洗完澡了
2026-05-24 05:52:17 - 随机事件: 意外零食
2026-05-24 05:52:32 - 切换到房间: bedroom
2026-05-24 05:52:34 - 猫咪开始睡觉
2026-05-24 05:52:36 - 猫咪醒来（用户主动）
2026-05-24 05:52:39 - 切换到房间: kitchen
2026-05-24 05:52:47 - 喝牛奶，饥饿+5，口渴+25，快乐+3，清洁+2
2026-05-24 05:52:49 - 切换到房间: bedroom
2026-05-24 05:52:52 - 猫咪开始睡觉
